{"D:\\Programming\\xyz\\dizy\\src\\lifecycle\\Lifecycle.js":{"path":"D:\\Programming\\xyz\\dizy\\src\\lifecycle\\Lifecycle.js","statementMap":{"0":{"start":{"line":6,"column":2},"end":{"line":6,"column":41}},"1":{"start":{"line":7,"column":2},"end":{"line":7,"column":22}},"2":{"start":{"line":21,"column":2},"end":{"line":21,"column":15}},"3":{"start":{"line":26,"column":2},"end":{"line":26,"column":38}},"4":{"start":{"line":31,"column":2},"end":{"line":31,"column":38}}},"fnMap":{"0":{"name":"(anonymous_0)","decl":{"start":{"line":5,"column":1},"end":{"line":5,"column":2}},"loc":{"start":{"line":5,"column":15},"end":{"line":8,"column":2}},"line":5},"1":{"name":"(anonymous_1)","decl":{"start":{"line":20,"column":1},"end":{"line":20,"column":2}},"loc":{"start":{"line":20,"column":17},"end":{"line":22,"column":2}},"line":20},"2":{"name":"(anonymous_2)","decl":{"start":{"line":25,"column":1},"end":{"line":25,"column":2}},"loc":{"start":{"line":25,"column":16},"end":{"line":27,"column":2}},"line":25},"3":{"name":"(anonymous_3)","decl":{"start":{"line":30,"column":1},"end":{"line":30,"column":2}},"loc":{"start":{"line":30,"column":15},"end":{"line":32,"column":2}},"line":30}},"branchMap":{},"s":{"0":0,"1":0,"2":55,"3":0,"4":0},"f":{"0":0,"1":55,"2":0,"3":0},"b":{},"_coverageSchema":"1a1c01bbd47fc00a2c39e90264f33305004495a9","hash":"61b9e070d0329d67bdf4a5fdc232b468b3d5fc4d"},"D:\\Programming\\xyz\\dizy\\src\\DIClazz.js":{"path":"D:\\Programming\\xyz\\dizy\\src\\DIClazz.js","statementMap":{"0":{"start":{"line":18,"column":2},"end":{"line":20,"column":3}},"1":{"start":{"line":19,"column":3},"end":{"line":19,"column":127}},"2":{"start":{"line":21,"column":2},"end":{"line":23,"column":3}},"3":{"start":{"line":22,"column":3},"end":{"line":22,"column":109}},"4":{"start":{"line":24,"column":2},"end":{"line":26,"column":3}},"5":{"start":{"line":25,"column":3},"end":{"line":25,"column":117}},"6":{"start":{"line":27,"column":2},"end":{"line":29,"column":3}},"7":{"start":{"line":28,"column":3},"end":{"line":28,"column":111}},"8":{"start":{"line":30,"column":2},"end":{"line":32,"column":3}},"9":{"start":{"line":31,"column":3},"end":{"line":31,"column":130}},"10":{"start":{"line":33,"column":2},"end":{"line":33,"column":17}},"11":{"start":{"line":34,"column":2},"end":{"line":34,"column":19}},"12":{"start":{"line":35,"column":2},"end":{"line":35,"column":19}},"13":{"start":{"line":36,"column":2},"end":{"line":36,"column":25}},"14":{"start":{"line":37,"column":2},"end":{"line":37,"column":29}},"15":{"start":{"line":38,"column":2},"end":{"line":38,"column":33}}},"fnMap":{"0":{"name":"(anonymous_0)","decl":{"start":{"line":17,"column":1},"end":{"line":17,"column":2}},"loc":{"start":{"line":17,"column":63},"end":{"line":39,"column":2}},"line":17}},"branchMap":{"0":{"loc":{"start":{"line":18,"column":2},"end":{"line":20,"column":3}},"type":"if","locations":[{"start":{"line":18,"column":2},"end":{"line":20,"column":3}},{"start":{},"end":{}}],"line":18},"1":{"loc":{"start":{"line":18,"column":6},"end":{"line":18,"column":97}},"type":"binary-expr","locations":[{"start":{"line":18,"column":6},"end":{"line":18,"column":36}},{"start":{"line":18,"column":40},"end":{"line":18,"column":65}},{"start":{"line":18,"column":69},"end":{"line":18,"column":97}}],"line":18},"2":{"loc":{"start":{"line":21,"column":2},"end":{"line":23,"column":3}},"type":"if","locations":[{"start":{"line":21,"column":2},"end":{"line":23,"column":3}},{"start":{},"end":{}}],"line":21},"3":{"loc":{"start":{"line":24,"column":2},"end":{"line":26,"column":3}},"type":"if","locations":[{"start":{"line":24,"column":2},"end":{"line":26,"column":3}},{"start":{},"end":{}}],"line":24},"4":{"loc":{"start":{"line":24,"column":6},"end":{"line":24,"column":107}},"type":"binary-expr","locations":[{"start":{"line":24,"column":6},"end":{"line":24,"column":33}},{"start":{"line":24,"column":37},"end":{"line":24,"column":67}},{"start":{"line":24,"column":71},"end":{"line":24,"column":107}}],"line":24},"5":{"loc":{"start":{"line":27,"column":2},"end":{"line":29,"column":3}},"type":"if","locations":[{"start":{"line":27,"column":2},"end":{"line":29,"column":3}},{"start":{},"end":{}}],"line":27},"6":{"loc":{"start":{"line":30,"column":2},"end":{"line":32,"column":3}},"type":"if","locations":[{"start":{"line":30,"column":2},"end":{"line":32,"column":3}},{"start":{},"end":{}}],"line":30}},"s":{"0":309,"1":1,"2":308,"3":1,"4":307,"5":1,"6":306,"7":1,"8":305,"9":1,"10":304,"11":304,"12":304,"13":304,"14":304,"15":304},"f":{"0":309},"b":{"0":[1,308],"1":[309,309,308],"2":[1,307],"3":[1,306],"4":[307,3,1],"5":[1,305],"6":[1,304]},"_coverageSchema":"1a1c01bbd47fc00a2c39e90264f33305004495a9","hash":"94b0e30ce5d307f5a477e52d49e33994ca3f4902"},"D:\\Programming\\xyz\\dizy\\src\\constants\\LifecycleEnum.js":{"path":"D:\\Programming\\xyz\\dizy\\src\\constants\\LifecycleEnum.js","statementMap":{"0":{"start":{"line":1,"column":22},"end":{"line":6,"column":1}}},"fnMap":{},"branchMap":{},"s":{"0":1},"f":{},"b":{},"_coverageSchema":"1a1c01bbd47fc00a2c39e90264f33305004495a9","hash":"77d27d04e2da02b173e9adfc1356e2766d0a580f"},"D:\\Programming\\xyz\\dizy\\src\\lifecycle\\DemandedLifecycle.js":{"path":"D:\\Programming\\xyz\\dizy\\src\\lifecycle\\DemandedLifecycle.js","statementMap":{"0":{"start":{"line":15,"column":2},"end":{"line":15,"column":32}},"1":{"start":{"line":16,"column":2},"end":{"line":16,"column":35}},"2":{"start":{"line":17,"column":2},"end":{"line":17,"column":33}}},"fnMap":{"0":{"name":"(anonymous_0)","decl":{"start":{"line":14,"column":1},"end":{"line":14,"column":2}},"loc":{"start":{"line":14,"column":62},"end":{"line":18,"column":2}},"line":14},"1":{"name":"(anonymous_1)","decl":{"start":{"line":14,"column":28},"end":{"line":14,"column":29}},"loc":{"start":{"line":14,"column":34},"end":{"line":14,"column":36}},"line":14},"2":{"name":"(anonymous_2)","decl":{"start":{"line":14,"column":52},"end":{"line":14,"column":53}},"loc":{"start":{"line":14,"column":58},"end":{"line":14,"column":60}},"line":14}},"branchMap":{"0":{"loc":{"start":{"line":14,"column":13},"end":{"line":14,"column":36}},"type":"default-arg","locations":[{"start":{"line":14,"column":28},"end":{"line":14,"column":36}}],"line":14},"1":{"loc":{"start":{"line":14,"column":38},"end":{"line":14,"column":60}},"type":"default-arg","locations":[{"start":{"line":14,"column":52},"end":{"line":14,"column":60}}],"line":14}},"s":{"0":12,"1":12,"2":12},"f":{"0":12,"1":0,"2":0},"b":{"0":[8],"1":[8]},"_coverageSchema":"1a1c01bbd47fc00a2c39e90264f33305004495a9","hash":"f22f67b9d80de7b3be684c5ed0ff8d527c945efe"},"D:\\Programming\\xyz\\dizy\\src\\lifecycle\\SessionLifecycle.js":{"path":"D:\\Programming\\xyz\\dizy\\src\\lifecycle\\SessionLifecycle.js","statementMap":{"0":{"start":{"line":15,"column":2},"end":{"line":15,"column":31}},"1":{"start":{"line":16,"column":2},"end":{"line":16,"column":35}},"2":{"start":{"line":17,"column":2},"end":{"line":17,"column":33}}},"fnMap":{"0":{"name":"(anonymous_0)","decl":{"start":{"line":14,"column":1},"end":{"line":14,"column":2}},"loc":{"start":{"line":14,"column":62},"end":{"line":18,"column":2}},"line":14},"1":{"name":"(anonymous_1)","decl":{"start":{"line":14,"column":28},"end":{"line":14,"column":29}},"loc":{"start":{"line":14,"column":34},"end":{"line":14,"column":36}},"line":14},"2":{"name":"(anonymous_2)","decl":{"start":{"line":14,"column":52},"end":{"line":14,"column":53}},"loc":{"start":{"line":14,"column":58},"end":{"line":14,"column":60}},"line":14}},"branchMap":{"0":{"loc":{"start":{"line":14,"column":13},"end":{"line":14,"column":36}},"type":"default-arg","locations":[{"start":{"line":14,"column":28},"end":{"line":14,"column":36}}],"line":14},"1":{"loc":{"start":{"line":14,"column":38},"end":{"line":14,"column":60}},"type":"default-arg","locations":[{"start":{"line":14,"column":52},"end":{"line":14,"column":60}}],"line":14}},"s":{"0":12,"1":12,"2":12},"f":{"0":12,"1":2,"2":2},"b":{"0":[8],"1":[8]},"_coverageSchema":"1a1c01bbd47fc00a2c39e90264f33305004495a9","hash":"f53d0f362c49cdbae218400c19543a6278683fa5"},"D:\\Programming\\xyz\\dizy\\src\\lifecycle\\SingletoneLifecycle.js":{"path":"D:\\Programming\\xyz\\dizy\\src\\lifecycle\\SingletoneLifecycle.js","statementMap":{"0":{"start":{"line":15,"column":2},"end":{"line":15,"column":34}},"1":{"start":{"line":16,"column":2},"end":{"line":16,"column":35}},"2":{"start":{"line":17,"column":2},"end":{"line":17,"column":33}}},"fnMap":{"0":{"name":"(anonymous_0)","decl":{"start":{"line":14,"column":1},"end":{"line":14,"column":2}},"loc":{"start":{"line":14,"column":62},"end":{"line":18,"column":2}},"line":14},"1":{"name":"(anonymous_1)","decl":{"start":{"line":14,"column":28},"end":{"line":14,"column":29}},"loc":{"start":{"line":14,"column":34},"end":{"line":14,"column":36}},"line":14},"2":{"name":"(anonymous_2)","decl":{"start":{"line":14,"column":52},"end":{"line":14,"column":53}},"loc":{"start":{"line":14,"column":58},"end":{"line":14,"column":60}},"line":14}},"branchMap":{"0":{"loc":{"start":{"line":14,"column":13},"end":{"line":14,"column":36}},"type":"default-arg","locations":[{"start":{"line":14,"column":28},"end":{"line":14,"column":36}}],"line":14},"1":{"loc":{"start":{"line":14,"column":38},"end":{"line":14,"column":60}},"type":"default-arg","locations":[{"start":{"line":14,"column":52},"end":{"line":14,"column":60}}],"line":14}},"s":{"0":31,"1":31,"2":31},"f":{"0":31,"1":1,"2":1},"b":{"0":[17],"1":[17]},"_coverageSchema":"1a1c01bbd47fc00a2c39e90264f33305004495a9","hash":"4cee62eae47e0fbdceabe2b332123deec1977d82"},"D:\\Programming\\xyz\\dizy\\src\\DIObjectConfig.js":{"path":"D:\\Programming\\xyz\\dizy\\src\\DIObjectConfig.js","statementMap":{"0":{"start":{"line":15,"column":18},"end":{"line":15,"column":90}},"1":{"start":{"line":16,"column":2},"end":{"line":16,"column":17}},"2":{"start":{"line":17,"column":2},"end":{"line":17,"column":36}},"3":{"start":{"line":27,"column":18},"end":{"line":27,"column":85}},"4":{"start":{"line":28,"column":2},"end":{"line":28,"column":17}},"5":{"start":{"line":29,"column":2},"end":{"line":29,"column":38}},"6":{"start":{"line":39,"column":18},"end":{"line":39,"column":79}},"7":{"start":{"line":40,"column":2},"end":{"line":40,"column":17}},"8":{"start":{"line":41,"column":2},"end":{"line":41,"column":46}},"9":{"start":{"line":51,"column":18},"end":{"line":51,"column":126}},"10":{"start":{"line":52,"column":2},"end":{"line":52,"column":17}},"11":{"start":{"line":53,"column":2},"end":{"line":53,"column":41}},"12":{"start":{"line":63,"column":18},"end":{"line":63,"column":98}},"13":{"start":{"line":64,"column":2},"end":{"line":64,"column":17}},"14":{"start":{"line":65,"column":2},"end":{"line":65,"column":36}},"15":{"start":{"line":82,"column":2},"end":{"line":84,"column":3}},"16":{"start":{"line":83,"column":3},"end":{"line":83,"column":39}},"17":{"start":{"line":85,"column":2},"end":{"line":87,"column":3}},"18":{"start":{"line":86,"column":3},"end":{"line":86,"column":39}},"19":{"start":{"line":88,"column":2},"end":{"line":90,"column":3}},"20":{"start":{"line":89,"column":3},"end":{"line":89,"column":49}},"21":{"start":{"line":91,"column":2},"end":{"line":91,"column":19}},"22":{"start":{"line":92,"column":2},"end":{"line":92,"column":19}},"23":{"start":{"line":93,"column":2},"end":{"line":93,"column":29}},"24":{"start":{"line":110,"column":2},"end":{"line":110,"column":70}},"25":{"start":{"line":127,"column":2},"end":{"line":127,"column":72}},"26":{"start":{"line":144,"column":2},"end":{"line":144,"column":69}}},"fnMap":{"0":{"name":"(anonymous_0)","decl":{"start":{"line":14,"column":1},"end":{"line":14,"column":2}},"loc":{"start":{"line":14,"column":19},"end":{"line":18,"column":2}},"line":14},"1":{"name":"(anonymous_1)","decl":{"start":{"line":26,"column":1},"end":{"line":26,"column":2}},"loc":{"start":{"line":26,"column":15},"end":{"line":30,"column":2}},"line":26},"2":{"name":"(anonymous_2)","decl":{"start":{"line":38,"column":1},"end":{"line":38,"column":2}},"loc":{"start":{"line":38,"column":24},"end":{"line":42,"column":2}},"line":38},"3":{"name":"(anonymous_3)","decl":{"start":{"line":50,"column":1},"end":{"line":50,"column":2}},"loc":{"start":{"line":50,"column":24},"end":{"line":54,"column":2}},"line":50},"4":{"name":"(anonymous_4)","decl":{"start":{"line":62,"column":1},"end":{"line":62,"column":2}},"loc":{"start":{"line":62,"column":19},"end":{"line":66,"column":2}},"line":62},"5":{"name":"(anonymous_5)","decl":{"start":{"line":81,"column":1},"end":{"line":81,"column":2}},"loc":{"start":{"line":81,"column":36},"end":{"line":94,"column":2}},"line":81},"6":{"name":"(anonymous_6)","decl":{"start":{"line":109,"column":1},"end":{"line":109,"column":2}},"loc":{"start":{"line":109,"column":84},"end":{"line":111,"column":2}},"line":109},"7":{"name":"(anonymous_7)","decl":{"start":{"line":109,"column":50},"end":{"line":109,"column":51}},"loc":{"start":{"line":109,"column":56},"end":{"line":109,"column":58}},"line":109},"8":{"name":"(anonymous_8)","decl":{"start":{"line":109,"column":74},"end":{"line":109,"column":75}},"loc":{"start":{"line":109,"column":80},"end":{"line":109,"column":82}},"line":109},"9":{"name":"(anonymous_9)","decl":{"start":{"line":126,"column":1},"end":{"line":126,"column":2}},"loc":{"start":{"line":126,"column":84},"end":{"line":128,"column":2}},"line":126},"10":{"name":"(anonymous_10)","decl":{"start":{"line":126,"column":50},"end":{"line":126,"column":51}},"loc":{"start":{"line":126,"column":56},"end":{"line":126,"column":58}},"line":126},"11":{"name":"(anonymous_11)","decl":{"start":{"line":126,"column":74},"end":{"line":126,"column":75}},"loc":{"start":{"line":126,"column":80},"end":{"line":126,"column":82}},"line":126},"12":{"name":"(anonymous_12)","decl":{"start":{"line":143,"column":1},"end":{"line":143,"column":2}},"loc":{"start":{"line":143,"column":84},"end":{"line":145,"column":2}},"line":143},"13":{"name":"(anonymous_13)","decl":{"start":{"line":143,"column":50},"end":{"line":143,"column":51}},"loc":{"start":{"line":143,"column":56},"end":{"line":143,"column":58}},"line":143},"14":{"name":"(anonymous_14)","decl":{"start":{"line":143,"column":74},"end":{"line":143,"column":75}},"loc":{"start":{"line":143,"column":80},"end":{"line":143,"column":82}},"line":143}},"branchMap":{"0":{"loc":{"start":{"line":82,"column":2},"end":{"line":84,"column":3}},"type":"if","locations":[{"start":{"line":82,"column":2},"end":{"line":84,"column":3}},{"start":{},"end":{}}],"line":82},"1":{"loc":{"start":{"line":82,"column":6},"end":{"line":82,"column":79}},"type":"binary-expr","locations":[{"start":{"line":82,"column":6},"end":{"line":82,"column":61}},{"start":{"line":82,"column":65},"end":{"line":82,"column":79}}],"line":82},"2":{"loc":{"start":{"line":82,"column":8},"end":{"line":82,"column":60}},"type":"binary-expr","locations":[{"start":{"line":82,"column":8},"end":{"line":82,"column":32}},{"start":{"line":82,"column":36},"end":{"line":82,"column":60}}],"line":82},"3":{"loc":{"start":{"line":85,"column":2},"end":{"line":87,"column":3}},"type":"if","locations":[{"start":{"line":85,"column":2},"end":{"line":87,"column":3}},{"start":{},"end":{}}],"line":85},"4":{"loc":{"start":{"line":85,"column":6},"end":{"line":85,"column":107}},"type":"binary-expr","locations":[{"start":{"line":85,"column":6},"end":{"line":85,"column":33}},{"start":{"line":85,"column":37},"end":{"line":85,"column":67}},{"start":{"line":85,"column":71},"end":{"line":85,"column":107}}],"line":85},"5":{"loc":{"start":{"line":88,"column":2},"end":{"line":90,"column":3}},"type":"if","locations":[{"start":{"line":88,"column":2},"end":{"line":90,"column":3}},{"start":{},"end":{}}],"line":88},"6":{"loc":{"start":{"line":109,"column":13},"end":{"line":109,"column":22}},"type":"default-arg","locations":[{"start":{"line":109,"column":20},"end":{"line":109,"column":22}}],"line":109},"7":{"loc":{"start":{"line":109,"column":24},"end":{"line":109,"column":33}},"type":"default-arg","locations":[{"start":{"line":109,"column":31},"end":{"line":109,"column":33}}],"line":109},"8":{"loc":{"start":{"line":109,"column":35},"end":{"line":109,"column":58}},"type":"default-arg","locations":[{"start":{"line":109,"column":50},"end":{"line":109,"column":58}}],"line":109},"9":{"loc":{"start":{"line":109,"column":60},"end":{"line":109,"column":82}},"type":"default-arg","locations":[{"start":{"line":109,"column":74},"end":{"line":109,"column":82}}],"line":109},"10":{"loc":{"start":{"line":126,"column":13},"end":{"line":126,"column":22}},"type":"default-arg","locations":[{"start":{"line":126,"column":20},"end":{"line":126,"column":22}}],"line":126},"11":{"loc":{"start":{"line":126,"column":24},"end":{"line":126,"column":33}},"type":"default-arg","locations":[{"start":{"line":126,"column":31},"end":{"line":126,"column":33}}],"line":126},"12":{"loc":{"start":{"line":126,"column":35},"end":{"line":126,"column":58}},"type":"default-arg","locations":[{"start":{"line":126,"column":50},"end":{"line":126,"column":58}}],"line":126},"13":{"loc":{"start":{"line":126,"column":60},"end":{"line":126,"column":82}},"type":"default-arg","locations":[{"start":{"line":126,"column":74},"end":{"line":126,"column":82}}],"line":126},"14":{"loc":{"start":{"line":143,"column":13},"end":{"line":143,"column":22}},"type":"default-arg","locations":[{"start":{"line":143,"column":20},"end":{"line":143,"column":22}}],"line":143},"15":{"loc":{"start":{"line":143,"column":24},"end":{"line":143,"column":33}},"type":"default-arg","locations":[{"start":{"line":143,"column":31},"end":{"line":143,"column":33}}],"line":143},"16":{"loc":{"start":{"line":143,"column":35},"end":{"line":143,"column":58}},"type":"default-arg","locations":[{"start":{"line":143,"column":50},"end":{"line":143,"column":58}}],"line":143},"17":{"loc":{"start":{"line":143,"column":60},"end":{"line":143,"column":82}},"type":"default-arg","locations":[{"start":{"line":143,"column":74},"end":{"line":143,"column":82}}],"line":143}},"s":{"0":1,"1":1,"2":1,"3":0,"4":0,"5":0,"6":0,"7":0,"8":0,"9":1,"10":1,"11":1,"12":1,"13":1,"14":1,"15":25,"16":1,"17":24,"18":1,"19":23,"20":1,"21":22,"22":22,"23":22,"24":4,"25":14,"26":4},"f":{"0":1,"1":0,"2":0,"3":1,"4":1,"5":25,"6":4,"7":4,"8":4,"9":14,"10":4,"11":4,"12":4,"13":30,"14":30},"b":{"0":[1,24],"1":[25,24],"2":[25,1],"3":[1,23],"4":[24,2,1],"5":[1,22],"6":[0],"7":[0],"8":[4],"9":[4],"10":[0],"11":[0],"12":[14],"13":[14],"14":[0],"15":[0],"16":[4],"17":[4]},"_coverageSchema":"1a1c01bbd47fc00a2c39e90264f33305004495a9","hash":"cb862e00723612f01cdea6cf6b6fcc3138c79532"},"D:\\Programming\\xyz\\dizy\\src\\errors\\DependencyLoopError.js":{"path":"D:\\Programming\\xyz\\dizy\\src\\errors\\DependencyLoopError.js","statementMap":{"0":{"start":{"line":3,"column":18},"end":{"line":3,"column":81}},"1":{"start":{"line":4,"column":2},"end":{"line":4,"column":17}},"2":{"start":{"line":5,"column":2},"end":{"line":5,"column":39}}},"fnMap":{"0":{"name":"(anonymous_0)","decl":{"start":{"line":2,"column":1},"end":{"line":2,"column":2}},"loc":{"start":{"line":2,"column":28},"end":{"line":6,"column":2}},"line":2}},"branchMap":{},"s":{"0":2,"1":2,"2":2},"f":{"0":2},"b":{},"_coverageSchema":"1a1c01bbd47fc00a2c39e90264f33305004495a9","hash":"7724fbc92f1bcc934ed4b26a808397f143c557e2"},"D:\\Programming\\xyz\\dizy\\src\\errors\\InvalidAbstractContextConfig.js":{"path":"D:\\Programming\\xyz\\dizy\\src\\errors\\InvalidAbstractContextConfig.js","statementMap":{"0":{"start":{"line":3,"column":2},"end":{"line":3,"column":87}}},"fnMap":{"0":{"name":"(anonymous_0)","decl":{"start":{"line":2,"column":1},"end":{"line":2,"column":2}},"loc":{"start":{"line":2,"column":15},"end":{"line":4,"column":2}},"line":2}},"branchMap":{},"s":{"0":2},"f":{"0":2},"b":{},"_coverageSchema":"1a1c01bbd47fc00a2c39e90264f33305004495a9","hash":"469defe37bec3bc2777d29836095ab01e7209f69"},"D:\\Programming\\xyz\\dizy\\src\\errors\\InvalidDIObjectArgDefaultValue.js":{"path":"D:\\Programming\\xyz\\dizy\\src\\errors\\InvalidDIObjectArgDefaultValue.js","statementMap":{"0":{"start":{"line":3,"column":18},"end":{"line":3,"column":126}},"1":{"start":{"line":4,"column":2},"end":{"line":4,"column":17}},"2":{"start":{"line":5,"column":2},"end":{"line":5,"column":59}}},"fnMap":{"0":{"name":"(anonymous_0)","decl":{"start":{"line":2,"column":1},"end":{"line":2,"column":2}},"loc":{"start":{"line":2,"column":42},"end":{"line":6,"column":2}},"line":2}},"branchMap":{},"s":{"0":0,"1":0,"2":0},"f":{"0":0},"b":{},"_coverageSchema":"1a1c01bbd47fc00a2c39e90264f33305004495a9","hash":"6d0295486ea398b11f0f7a01a3f81fd90534c1d9"},"D:\\Programming\\xyz\\dizy\\src\\errors\\InvalidDIObjectArgumentName.js":{"path":"D:\\Programming\\xyz\\dizy\\src\\errors\\InvalidDIObjectArgumentName.js","statementMap":{"0":{"start":{"line":3,"column":18},"end":{"line":3,"column":129}},"1":{"start":{"line":4,"column":2},"end":{"line":4,"column":17}},"2":{"start":{"line":5,"column":2},"end":{"line":5,"column":50}}},"fnMap":{"0":{"name":"(anonymous_0)","decl":{"start":{"line":2,"column":1},"end":{"line":2,"column":2}},"loc":{"start":{"line":2,"column":28},"end":{"line":6,"column":2}},"line":2}},"branchMap":{},"s":{"0":2,"1":2,"2":2},"f":{"0":2},"b":{},"_coverageSchema":"1a1c01bbd47fc00a2c39e90264f33305004495a9","hash":"c03af266f2955804ee67b78748c2cda407ef841b"},"D:\\Programming\\xyz\\dizy\\src\\errors\\NotAllowDIObjectType.js":{"path":"D:\\Programming\\xyz\\dizy\\src\\errors\\NotAllowDIObjectType.js","statementMap":{"0":{"start":{"line":3,"column":18},"end":{"line":3,"column":120}},"1":{"start":{"line":4,"column":2},"end":{"line":4,"column":17}},"2":{"start":{"line":5,"column":2},"end":{"line":5,"column":40}}},"fnMap":{"0":{"name":"(anonymous_0)","decl":{"start":{"line":2,"column":1},"end":{"line":2,"column":2}},"loc":{"start":{"line":2,"column":19},"end":{"line":6,"column":2}},"line":2}},"branchMap":{},"s":{"0":0,"1":0,"2":0},"f":{"0":0},"b":{},"_coverageSchema":"1a1c01bbd47fc00a2c39e90264f33305004495a9","hash":"b85c985c1028be8266f034ab99e452cb08b4453d"},"D:\\Programming\\xyz\\dizy\\src\\containers\\DIContainer.js":{"path":"D:\\Programming\\xyz\\dizy\\src\\containers\\DIContainer.js","statementMap":{},"fnMap":{"0":{"name":"(anonymous_0)","decl":{"start":{"line":5,"column":1},"end":{"line":5,"column":2}},"loc":{"start":{"line":5,"column":15},"end":{"line":5,"column":17}},"line":5},"1":{"name":"(anonymous_1)","decl":{"start":{"line":8,"column":1},"end":{"line":8,"column":2}},"loc":{"start":{"line":8,"column":15},"end":{"line":8,"column":17}},"line":8},"2":{"name":"(anonymous_2)","decl":{"start":{"line":11,"column":1},"end":{"line":11,"column":2}},"loc":{"start":{"line":11,"column":15},"end":{"line":11,"column":17}},"line":11},"3":{"name":"(anonymous_3)","decl":{"start":{"line":14,"column":1},"end":{"line":14,"column":2}},"loc":{"start":{"line":14,"column":13},"end":{"line":14,"column":15}},"line":14},"4":{"name":"(anonymous_4)","decl":{"start":{"line":23,"column":1},"end":{"line":23,"column":2}},"loc":{"start":{"line":23,"column":22},"end":{"line":25,"column":2}},"line":23}},"branchMap":{},"s":{},"f":{"0":113,"1":0,"2":0,"3":0,"4":0},"b":{},"_coverageSchema":"1a1c01bbd47fc00a2c39e90264f33305004495a9","hash":"7f824cae157dea521dbb85fc75e746245768aac8"},"D:\\Programming\\xyz\\dizy\\src\\containers\\helpers\\DependencyTreeNode.js":{"path":"D:\\Programming\\xyz\\dizy\\src\\containers\\helpers\\DependencyTreeNode.js","statementMap":{"0":{"start":{"line":18,"column":2},"end":{"line":20,"column":3}},"1":{"start":{"line":19,"column":3},"end":{"line":19,"column":126}},"2":{"start":{"line":21,"column":2},"end":{"line":25,"column":3}},"3":{"start":{"line":22,"column":3},"end":{"line":24,"column":5}},"4":{"start":{"line":26,"column":2},"end":{"line":30,"column":3}},"5":{"start":{"line":26,"column":63},"end":{"line":26,"column":97}},"6":{"start":{"line":27,"column":3},"end":{"line":29,"column":5}},"7":{"start":{"line":31,"column":63},"end":{"line":31,"column":72}},"8":{"start":{"line":32,"column":2},"end":{"line":32,"column":58}},"9":{"start":{"line":33,"column":2},"end":{"line":33,"column":23}},"10":{"start":{"line":34,"column":2},"end":{"line":34,"column":19}}},"fnMap":{"0":{"name":"(anonymous_0)","decl":{"start":{"line":17,"column":1},"end":{"line":17,"column":2}},"loc":{"start":{"line":17,"column":38},"end":{"line":35,"column":2}},"line":17},"1":{"name":"(anonymous_1)","decl":{"start":{"line":26,"column":56},"end":{"line":26,"column":57}},"loc":{"start":{"line":26,"column":63},"end":{"line":26,"column":97}},"line":26}},"branchMap":{"0":{"loc":{"start":{"line":18,"column":2},"end":{"line":20,"column":3}},"type":"if","locations":[{"start":{"line":18,"column":2},"end":{"line":20,"column":3}},{"start":{},"end":{}}],"line":18},"1":{"loc":{"start":{"line":21,"column":2},"end":{"line":25,"column":3}},"type":"if","locations":[{"start":{"line":21,"column":2},"end":{"line":25,"column":3}},{"start":{},"end":{}}],"line":21},"2":{"loc":{"start":{"line":26,"column":2},"end":{"line":30,"column":3}},"type":"if","locations":[{"start":{"line":26,"column":2},"end":{"line":30,"column":3}},{"start":{},"end":{}}],"line":26},"3":{"loc":{"start":{"line":26,"column":6},"end":{"line":26,"column":99}},"type":"binary-expr","locations":[{"start":{"line":26,"column":6},"end":{"line":26,"column":26}},{"start":{"line":26,"column":31},"end":{"line":26,"column":42}},{"start":{"line":26,"column":46},"end":{"line":26,"column":98}}],"line":26}},"s":{"0":181,"1":1,"2":180,"3":1,"4":179,"5":8,"6":1,"7":178,"8":178,"9":178,"10":178},"f":{"0":181,"1":8},"b":{"0":[1,180],"1":[1,179],"2":[1,178],"3":[179,179,8]},"_coverageSchema":"1a1c01bbd47fc00a2c39e90264f33305004495a9","hash":"f75f846d703485321ecc5acf07826c69d94fd704"},"D:\\Programming\\xyz\\dizy\\src\\containers\\helpers\\DependencyTree.js":{"path":"D:\\Programming\\xyz\\dizy\\src\\containers\\helpers\\DependencyTree.js","statementMap":{"0":{"start":{"line":6,"column":2},"end":{"line":6,"column":125}},"1":{"start":{"line":18,"column":2},"end":{"line":20,"column":3}},"2":{"start":{"line":19,"column":3},"end":{"line":19,"column":31}},"3":{"start":{"line":21,"column":2},"end":{"line":21,"column":27}},"4":{"start":{"line":25,"column":15},"end":{"line":25,"column":17}},"5":{"start":{"line":26,"column":2},"end":{"line":32,"column":3}},"6":{"start":{"line":27,"column":3},"end":{"line":29,"column":6}},"7":{"start":{"line":28,"column":4},"end":{"line":28,"column":53}},"8":{"start":{"line":30,"column":9},"end":{"line":32,"column":3}},"9":{"start":{"line":31,"column":3},"end":{"line":31,"column":19}},"10":{"start":{"line":33,"column":2},"end":{"line":33,"column":14}},"11":{"start":{"line":42,"column":2},"end":{"line":44,"column":3}},"12":{"start":{"line":43,"column":3},"end":{"line":43,"column":115}},"13":{"start":{"line":45,"column":2},"end":{"line":47,"column":3}},"14":{"start":{"line":46,"column":3},"end":{"line":46,"column":123}},"15":{"start":{"line":48,"column":2},"end":{"line":48,"column":39}},"16":{"start":{"line":62,"column":22},"end":{"line":62,"column":23}},"17":{"start":{"line":63,"column":17},"end":{"line":63,"column":19}},"18":{"start":{"line":64,"column":20},"end":{"line":64,"column":55}},"19":{"start":{"line":65,"column":2},"end":{"line":72,"column":3}},"20":{"start":{"line":66,"column":3},"end":{"line":69,"column":6}},"21":{"start":{"line":70,"column":3},"end":{"line":70,"column":19}},"22":{"start":{"line":71,"column":3},"end":{"line":71,"column":53}},"23":{"start":{"line":73,"column":2},"end":{"line":73,"column":16}}},"fnMap":{"0":{"name":"(anonymous_0)","decl":{"start":{"line":5,"column":1},"end":{"line":5,"column":2}},"loc":{"start":{"line":5,"column":15},"end":{"line":7,"column":2}},"line":5},"1":{"name":"(anonymous_1)","decl":{"start":{"line":17,"column":1},"end":{"line":17,"column":2}},"loc":{"start":{"line":17,"column":23},"end":{"line":22,"column":2}},"line":17},"2":{"name":"(anonymous_2)","decl":{"start":{"line":27,"column":21},"end":{"line":27,"column":22}},"loc":{"start":{"line":27,"column":30},"end":{"line":29,"column":4}},"line":27},"3":{"name":"(anonymous_3)","decl":{"start":{"line":41,"column":1},"end":{"line":41,"column":2}},"loc":{"start":{"line":41,"column":25},"end":{"line":49,"column":2}},"line":41},"4":{"name":"(anonymous_4)","decl":{"start":{"line":61,"column":1},"end":{"line":61,"column":2}},"loc":{"start":{"line":61,"column":17},"end":{"line":74,"column":2}},"line":61}},"branchMap":{"0":{"loc":{"start":{"line":18,"column":2},"end":{"line":20,"column":3}},"type":"if","locations":[{"start":{"line":18,"column":2},"end":{"line":20,"column":3}},{"start":{},"end":{}}],"line":18},"1":{"loc":{"start":{"line":24,"column":26},"end":{"line":24,"column":46}},"type":"default-arg","locations":[{"start":{"line":24,"column":33},"end":{"line":24,"column":46}}],"line":24},"2":{"loc":{"start":{"line":26,"column":2},"end":{"line":32,"column":3}},"type":"if","locations":[{"start":{"line":26,"column":2},"end":{"line":32,"column":3}},{"start":{"line":30,"column":9},"end":{"line":32,"column":3}}],"line":26},"3":{"loc":{"start":{"line":30,"column":9},"end":{"line":32,"column":3}},"type":"if","locations":[{"start":{"line":30,"column":9},"end":{"line":32,"column":3}},{"start":{},"end":{}}],"line":30},"4":{"loc":{"start":{"line":42,"column":2},"end":{"line":44,"column":3}},"type":"if","locations":[{"start":{"line":42,"column":2},"end":{"line":44,"column":3}},{"start":{},"end":{}}],"line":42},"5":{"loc":{"start":{"line":45,"column":2},"end":{"line":47,"column":3}},"type":"if","locations":[{"start":{"line":45,"column":2},"end":{"line":47,"column":3}},{"start":{},"end":{}}],"line":45},"6":{"loc":{"start":{"line":65,"column":9},"end":{"line":65,"column":46}},"type":"binary-expr","locations":[{"start":{"line":65,"column":9},"end":{"line":65,"column":20}},{"start":{"line":65,"column":24},"end":{"line":65,"column":46}}],"line":65}},"s":{"0":1,"1":140,"2":1,"3":139,"4":6,"5":6,"6":3,"7":2,"8":3,"9":3,"10":6,"11":6,"12":1,"13":5,"14":1,"15":4,"16":1,"17":1,"18":1,"19":1,"20":2,"21":2,"22":2,"23":1},"f":{"0":1,"1":140,"2":2,"3":6,"4":1},"b":{"0":[1,139],"1":[4],"2":[3,3],"3":[3,0],"4":[1,5],"5":[1,4],"6":[3,3]},"_coverageSchema":"1a1c01bbd47fc00a2c39e90264f33305004495a9","hash":"1b9327f0c9036f07bf6edbb310eccb342e4584d0"},"D:\\Programming\\xyz\\dizy\\src\\containers\\AbstractDIContainer.js":{"path":"D:\\Programming\\xyz\\dizy\\src\\containers\\AbstractDIContainer.js","statementMap":{"0":{"start":{"line":10,"column":2},"end":{"line":10,"column":122}},"1":{"start":{"line":20,"column":2},"end":{"line":23,"column":4}},"2":{"start":{"line":39,"column":2},"end":{"line":41,"column":3}},"3":{"start":{"line":40,"column":3},"end":{"line":40,"column":31}},"4":{"start":{"line":42,"column":2},"end":{"line":44,"column":3}},"5":{"start":{"line":42,"column":96},"end":{"line":42,"column":132}},"6":{"start":{"line":43,"column":3},"end":{"line":43,"column":47}},"7":{"start":{"line":45,"column":2},"end":{"line":45,"column":10}},"8":{"start":{"line":46,"column":2},"end":{"line":46,"column":37}}},"fnMap":{"0":{"name":"(anonymous_0)","decl":{"start":{"line":9,"column":1},"end":{"line":9,"column":2}},"loc":{"start":{"line":9,"column":15},"end":{"line":11,"column":2}},"line":9},"1":{"name":"(anonymous_1)","decl":{"start":{"line":19,"column":1},"end":{"line":19,"column":2}},"loc":{"start":{"line":19,"column":15},"end":{"line":24,"column":2}},"line":19},"2":{"name":"(anonymous_2)","decl":{"start":{"line":38,"column":1},"end":{"line":38,"column":2}},"loc":{"start":{"line":38,"column":41},"end":{"line":47,"column":2}},"line":38},"3":{"name":"(anonymous_3)","decl":{"start":{"line":42,"column":83},"end":{"line":42,"column":84}},"loc":{"start":{"line":42,"column":96},"end":{"line":42,"column":132}},"line":42}},"branchMap":{"0":{"loc":{"start":{"line":38,"column":21},"end":{"line":38,"column":39}},"type":"default-arg","locations":[{"start":{"line":38,"column":37},"end":{"line":38,"column":39}}],"line":38},"1":{"loc":{"start":{"line":39,"column":2},"end":{"line":41,"column":3}},"type":"if","locations":[{"start":{"line":39,"column":2},"end":{"line":41,"column":3}},{"start":{},"end":{}}],"line":39},"2":{"loc":{"start":{"line":39,"column":6},"end":{"line":39,"column":89}},"type":"binary-expr","locations":[{"start":{"line":39,"column":6},"end":{"line":39,"column":21}},{"start":{"line":39,"column":25},"end":{"line":39,"column":45}},{"start":{"line":39,"column":49},"end":{"line":39,"column":89}}],"line":39},"3":{"loc":{"start":{"line":42,"column":2},"end":{"line":44,"column":3}},"type":"if","locations":[{"start":{"line":42,"column":2},"end":{"line":44,"column":3}},{"start":{},"end":{}}],"line":42},"4":{"loc":{"start":{"line":42,"column":6},"end":{"line":42,"column":134}},"type":"binary-expr","locations":[{"start":{"line":42,"column":6},"end":{"line":42,"column":35}},{"start":{"line":42,"column":40},"end":{"line":42,"column":60}},{"start":{"line":42,"column":64},"end":{"line":42,"column":133}}],"line":42}},"s":{"0":0,"1":2,"2":115,"3":0,"4":115,"5":139,"6":2,"7":113,"8":113},"f":{"0":0,"1":2,"2":115,"3":139},"b":{"0":[0],"1":[0,115],"2":[115,83,83],"3":[2,113],"4":[115,115,72]},"_coverageSchema":"1a1c01bbd47fc00a2c39e90264f33305004495a9","hash":"15114ed1d201de3a1f5f55e498db27b62bd871b6"},"D:\\Programming\\xyz\\dizy\\src\\containers\\helpers\\DIObjectKey.js":{"path":"D:\\Programming\\xyz\\dizy\\src\\containers\\helpers\\DIObjectKey.js","statementMap":{"0":{"start":{"line":5,"column":2},"end":{"line":8,"column":4}},"1":{"start":{"line":35,"column":2},"end":{"line":37,"column":3}},"2":{"start":{"line":36,"column":3},"end":{"line":36,"column":29}},"3":{"start":{"line":38,"column":2},"end":{"line":40,"column":3}},"4":{"start":{"line":39,"column":3},"end":{"line":39,"column":29}},"5":{"start":{"line":41,"column":2},"end":{"line":41,"column":17}},"6":{"start":{"line":51,"column":20},"end":{"line":51,"column":39}},"7":{"start":{"line":52,"column":2},"end":{"line":59,"column":4}}},"fnMap":{"0":{"name":"(anonymous_0)","decl":{"start":{"line":4,"column":1},"end":{"line":4,"column":2}},"loc":{"start":{"line":4,"column":18},"end":{"line":9,"column":2}},"line":4},"1":{"name":"(anonymous_1)","decl":{"start":{"line":34,"column":1},"end":{"line":34,"column":2}},"loc":{"start":{"line":34,"column":18},"end":{"line":42,"column":2}},"line":34},"2":{"name":"(anonymous_2)","decl":{"start":{"line":48,"column":1},"end":{"line":48,"column":2}},"loc":{"start":{"line":48,"column":12},"end":{"line":60,"column":2}},"line":48}},"branchMap":{"0":{"loc":{"start":{"line":6,"column":48},"end":{"line":6,"column":74}},"type":"cond-expr","locations":[{"start":{"line":6,"column":54},"end":{"line":6,"column":68}},{"start":{"line":6,"column":71},"end":{"line":6,"column":74}}],"line":6},"1":{"loc":{"start":{"line":35,"column":2},"end":{"line":37,"column":3}},"type":"if","locations":[{"start":{"line":35,"column":2},"end":{"line":37,"column":3}},{"start":{},"end":{}}],"line":35},"2":{"loc":{"start":{"line":38,"column":2},"end":{"line":40,"column":3}},"type":"if","locations":[{"start":{"line":38,"column":2},"end":{"line":40,"column":3}},{"start":{},"end":{}}],"line":38},"3":{"loc":{"start":{"line":38,"column":6},"end":{"line":38,"column":97}},"type":"binary-expr","locations":[{"start":{"line":38,"column":6},"end":{"line":38,"column":49}},{"start":{"line":38,"column":53},"end":{"line":38,"column":97}}],"line":38},"4":{"loc":{"start":{"line":54,"column":10},"end":{"line":54,"column":62}},"type":"cond-expr","locations":[{"start":{"line":54,"column":36},"end":{"line":54,"column":57}},{"start":{"line":54,"column":60},"end":{"line":54,"column":62}}],"line":54}},"s":{"0":2,"1":132,"2":1,"3":131,"4":1,"5":130,"6":1,"7":1},"f":{"0":2,"1":132,"2":1},"b":{"0":[1,1],"1":[1,131],"2":[1,130],"3":[131,1],"4":[1,0]},"_coverageSchema":"1a1c01bbd47fc00a2c39e90264f33305004495a9","hash":"be3b60ee7d74f8e567f25c73a47cecdbcf1f055f"},"D:\\Programming\\xyz\\dizy\\src\\containers\\helpers\\DIObjectKeyFactory.js":{"path":"D:\\Programming\\xyz\\dizy\\src\\containers\\helpers\\DIObjectKeyFactory.js","statementMap":{"0":{"start":{"line":21,"column":18},"end":{"line":26,"column":66}},"1":{"start":{"line":27,"column":2},"end":{"line":27,"column":17}},"2":{"start":{"line":28,"column":2},"end":{"line":28,"column":31}},"3":{"start":{"line":41,"column":2},"end":{"line":41,"column":20}},"4":{"start":{"line":55,"column":2},"end":{"line":55,"column":60}},"5":{"start":{"line":56,"column":25},"end":{"line":61,"column":3}},"6":{"start":{"line":62,"column":28},"end":{"line":62,"column":73}},"7":{"start":{"line":63,"column":2},"end":{"line":65,"column":3}},"8":{"start":{"line":64,"column":3},"end":{"line":64,"column":50}},"9":{"start":{"line":66,"column":14},"end":{"line":66,"column":48}},"10":{"start":{"line":67,"column":2},"end":{"line":67,"column":41}},"11":{"start":{"line":68,"column":2},"end":{"line":68,"column":13}},"12":{"start":{"line":72,"column":2},"end":{"line":72,"column":63}},"13":{"start":{"line":76,"column":2},"end":{"line":78,"column":3}},"14":{"start":{"line":77,"column":3},"end":{"line":77,"column":132}},"15":{"start":{"line":79,"column":2},"end":{"line":81,"column":3}},"16":{"start":{"line":80,"column":3},"end":{"line":80,"column":98}},"17":{"start":{"line":82,"column":2},"end":{"line":84,"column":3}},"18":{"start":{"line":83,"column":3},"end":{"line":83,"column":71}},"19":{"start":{"line":85,"column":2},"end":{"line":87,"column":3}},"20":{"start":{"line":86,"column":3},"end":{"line":86,"column":123}},"21":{"start":{"line":88,"column":2},"end":{"line":90,"column":3}},"22":{"start":{"line":88,"column":48},"end":{"line":88,"column":66}},"23":{"start":{"line":89,"column":3},"end":{"line":89,"column":54}},"24":{"start":{"line":91,"column":2},"end":{"line":93,"column":3}},"25":{"start":{"line":92,"column":3},"end":{"line":92,"column":112}},"26":{"start":{"line":94,"column":2},"end":{"line":94,"column":14}}},"fnMap":{"0":{"name":"(anonymous_0)","decl":{"start":{"line":20,"column":1},"end":{"line":20,"column":2}},"loc":{"start":{"line":20,"column":51},"end":{"line":29,"column":2}},"line":20},"1":{"name":"(anonymous_1)","decl":{"start":{"line":40,"column":1},"end":{"line":40,"column":2}},"loc":{"start":{"line":40,"column":31},"end":{"line":42,"column":2}},"line":40},"2":{"name":"(anonymous_2)","decl":{"start":{"line":54,"column":1},"end":{"line":54,"column":2}},"loc":{"start":{"line":54,"column":45},"end":{"line":69,"column":2}},"line":54},"3":{"name":"(anonymous_3)","decl":{"start":{"line":88,"column":41},"end":{"line":88,"column":42}},"loc":{"start":{"line":88,"column":48},"end":{"line":88,"column":66}},"line":88}},"branchMap":{"0":{"loc":{"start":{"line":22,"column":22},"end":{"line":22,"column":51}},"type":"cond-expr","locations":[{"start":{"line":22,"column":31},"end":{"line":22,"column":42}},{"start":{"line":22,"column":45},"end":{"line":22,"column":51}}],"line":22},"1":{"loc":{"start":{"line":40,"column":13},"end":{"line":40,"column":29}},"type":"default-arg","locations":[{"start":{"line":40,"column":20},"end":{"line":40,"column":29}}],"line":40},"2":{"loc":{"start":{"line":63,"column":2},"end":{"line":65,"column":3}},"type":"if","locations":[{"start":{"line":63,"column":2},"end":{"line":65,"column":3}},{"start":{},"end":{}}],"line":63},"3":{"loc":{"start":{"line":76,"column":2},"end":{"line":78,"column":3}},"type":"if","locations":[{"start":{"line":76,"column":2},"end":{"line":78,"column":3}},{"start":{},"end":{}}],"line":76},"4":{"loc":{"start":{"line":79,"column":2},"end":{"line":81,"column":3}},"type":"if","locations":[{"start":{"line":79,"column":2},"end":{"line":81,"column":3}},{"start":{},"end":{}}],"line":79},"5":{"loc":{"start":{"line":82,"column":2},"end":{"line":84,"column":3}},"type":"if","locations":[{"start":{"line":82,"column":2},"end":{"line":84,"column":3}},{"start":{},"end":{}}],"line":82},"6":{"loc":{"start":{"line":85,"column":2},"end":{"line":87,"column":3}},"type":"if","locations":[{"start":{"line":85,"column":2},"end":{"line":87,"column":3}},{"start":{},"end":{}}],"line":85},"7":{"loc":{"start":{"line":88,"column":2},"end":{"line":90,"column":3}},"type":"if","locations":[{"start":{"line":88,"column":2},"end":{"line":90,"column":3}},{"start":{},"end":{}}],"line":88},"8":{"loc":{"start":{"line":91,"column":2},"end":{"line":93,"column":3}},"type":"if","locations":[{"start":{"line":91,"column":2},"end":{"line":93,"column":3}},{"start":{},"end":{}}],"line":91}},"s":{"0":0,"1":0,"2":0,"3":59,"4":133,"5":128,"6":128,"7":128,"8":0,"9":128,"10":128,"11":128,"12":128,"13":133,"14":1,"15":132,"16":1,"17":131,"18":1,"19":130,"20":1,"21":129,"22":387,"23":0,"24":129,"25":1,"26":128},"f":{"0":0,"1":59,"2":133,"3":387},"b":{"0":[0,0],"1":[59],"2":[0,128],"3":[1,132],"4":[1,131],"5":[1,130],"6":[1,129],"7":[0,129],"8":[1,128]},"_coverageSchema":"1a1c01bbd47fc00a2c39e90264f33305004495a9","hash":"fdb3719fbcf57df9098c0f6479f5e0897acbbaf4"},"D:\\Programming\\xyz\\dizy\\src\\containers\\helpers\\DependencyTreeFactory.js":{"path":"D:\\Programming\\xyz\\dizy\\src\\containers\\helpers\\DependencyTreeFactory.js","statementMap":{"0":{"start":{"line":7,"column":2},"end":{"line":7,"column":87}},"1":{"start":{"line":8,"column":2},"end":{"line":8,"column":67}},"2":{"start":{"line":14,"column":2},"end":{"line":14,"column":105}},"3":{"start":{"line":15,"column":2},"end":{"line":15,"column":67}},"4":{"start":{"line":30,"column":2},"end":{"line":32,"column":3}},"5":{"start":{"line":31,"column":3},"end":{"line":31,"column":32}},"6":{"start":{"line":33,"column":2},"end":{"line":39,"column":3}},"7":{"start":{"line":35,"column":55},"end":{"line":35,"column":80}},"8":{"start":{"line":38,"column":3},"end":{"line":38,"column":33}},"9":{"start":{"line":40,"column":19},"end":{"line":40,"column":59}},"10":{"start":{"line":41,"column":2},"end":{"line":41,"column":67}},"11":{"start":{"line":42,"column":2},"end":{"line":42,"column":38}},"12":{"start":{"line":46,"column":2},"end":{"line":46,"column":22}},"13":{"start":{"line":50,"column":2},"end":{"line":59,"column":3}},"14":{"start":{"line":51,"column":3},"end":{"line":56,"column":6}},"15":{"start":{"line":52,"column":21},"end":{"line":52,"column":63}},"16":{"start":{"line":52,"column":46},"end":{"line":52,"column":62}},"17":{"start":{"line":53,"column":21},"end":{"line":53,"column":74}},"18":{"start":{"line":54,"column":4},"end":{"line":54,"column":63}},"19":{"start":{"line":55,"column":4},"end":{"line":55,"column":69}},"20":{"start":{"line":58,"column":3},"end":{"line":58,"column":15}}},"fnMap":{"0":{"name":"(anonymous_0)","decl":{"start":{"line":6,"column":1},"end":{"line":6,"column":2}},"loc":{"start":{"line":6,"column":15},"end":{"line":9,"column":2}},"line":6},"1":{"name":"(anonymous_1)","decl":{"start":{"line":13,"column":1},"end":{"line":13,"column":2}},"loc":{"start":{"line":13,"column":15},"end":{"line":16,"column":2}},"line":13},"2":{"name":"(anonymous_2)","decl":{"start":{"line":29,"column":1},"end":{"line":29,"column":2}},"loc":{"start":{"line":29,"column":52},"end":{"line":43,"column":2}},"line":29},"3":{"name":"(anonymous_3)","decl":{"start":{"line":35,"column":46},"end":{"line":35,"column":47}},"loc":{"start":{"line":35,"column":55},"end":{"line":35,"column":80}},"line":35},"4":{"name":"(anonymous_4)","decl":{"start":{"line":51,"column":33},"end":{"line":51,"column":34}},"loc":{"start":{"line":51,"column":42},"end":{"line":56,"column":4}},"line":51},"5":{"name":"(anonymous_5)","decl":{"start":{"line":52,"column":37},"end":{"line":52,"column":38}},"loc":{"start":{"line":52,"column":46},"end":{"line":52,"column":62}},"line":52}},"branchMap":{"0":{"loc":{"start":{"line":30,"column":2},"end":{"line":32,"column":3}},"type":"if","locations":[{"start":{"line":30,"column":2},"end":{"line":32,"column":3}},{"start":{},"end":{}}],"line":30},"1":{"loc":{"start":{"line":33,"column":2},"end":{"line":39,"column":3}},"type":"if","locations":[{"start":{"line":33,"column":2},"end":{"line":39,"column":3}},{"start":{},"end":{}}],"line":33},"2":{"loc":{"start":{"line":34,"column":3},"end":{"line":36,"column":21}},"type":"binary-expr","locations":[{"start":{"line":34,"column":3},"end":{"line":34,"column":29}},{"start":{"line":35,"column":4},"end":{"line":35,"column":21}},{"start":{"line":35,"column":25},"end":{"line":35,"column":88}},{"start":{"line":36,"column":3},"end":{"line":36,"column":21}}],"line":34},"3":{"loc":{"start":{"line":50,"column":2},"end":{"line":59,"column":3}},"type":"if","locations":[{"start":{"line":50,"column":2},"end":{"line":59,"column":3}},{"start":{"line":57,"column":9},"end":{"line":59,"column":3}}],"line":50}},"s":{"0":1,"1":1,"2":3,"3":3,"4":108,"5":1,"6":107,"7":616,"8":3,"9":104,"10":104,"11":104,"12":52,"13":156,"14":52,"15":52,"16":206,"17":52,"18":52,"19":52,"20":104},"f":{"0":1,"1":3,"2":108,"3":616,"4":52,"5":206},"b":{"0":[1,107],"1":[3,104],"2":[107,106,105,105],"3":[52,104]},"_coverageSchema":"1a1c01bbd47fc00a2c39e90264f33305004495a9","hash":"2ff8bc9ca04293f8412b571119b0eacc1becde35"},"D:\\Programming\\xyz\\dizy\\src\\wrappers\\FunctionWrapper.js":{"path":"D:\\Programming\\xyz\\dizy\\src\\wrappers\\FunctionWrapper.js","statementMap":{"0":{"start":{"line":11,"column":2},"end":{"line":11,"column":19}},"1":{"start":{"line":12,"column":2},"end":{"line":12,"column":19}},"2":{"start":{"line":13,"column":2},"end":{"line":13,"column":23}},"3":{"start":{"line":20,"column":8},"end":{"line":25,"column":2}},"4":{"start":{"line":21,"column":2},"end":{"line":23,"column":3}},"5":{"start":{"line":22,"column":3},"end":{"line":22,"column":38}},"6":{"start":{"line":24,"column":2},"end":{"line":24,"column":33}}},"fnMap":{"0":{"name":"(anonymous_0)","decl":{"start":{"line":10,"column":1},"end":{"line":10,"column":2}},"loc":{"start":{"line":10,"column":25},"end":{"line":14,"column":2}},"line":10},"1":{"name":"(anonymous_1)","decl":{"start":{"line":20,"column":8},"end":{"line":20,"column":9}},"loc":{"start":{"line":20,"column":20},"end":{"line":25,"column":2}},"line":20}},"branchMap":{"0":{"loc":{"start":{"line":21,"column":2},"end":{"line":23,"column":3}},"type":"if","locations":[{"start":{"line":21,"column":2},"end":{"line":23,"column":3}},{"start":{},"end":{}}],"line":21}},"s":{"0":1,"1":1,"2":1,"3":1,"4":0,"5":0,"6":0},"f":{"0":1,"1":0},"b":{"0":[0,0]},"_coverageSchema":"1a1c01bbd47fc00a2c39e90264f33305004495a9","hash":"dc2461f853ec5ac02307f139100e1609d2008f55"},"D:\\Programming\\xyz\\dizy\\src\\containers\\AbstractContextContainer.js":{"path":"D:\\Programming\\xyz\\dizy\\src\\containers\\AbstractContextContainer.js","statementMap":{"0":{"start":{"line":50,"column":18},"end":{"line":51,"column":70}},"1":{"start":{"line":52,"column":2},"end":{"line":52,"column":17}},"2":{"start":{"line":53,"column":2},"end":{"line":53,"column":59}},"3":{"start":{"line":63,"column":2},"end":{"line":63,"column":130}},"4":{"start":{"line":92,"column":2},"end":{"line":92,"column":20}},"5":{"start":{"line":93,"column":2},"end":{"line":93,"column":23}},"6":{"start":{"line":94,"column":2},"end":{"line":94,"column":19}},"7":{"start":{"line":95,"column":2},"end":{"line":95,"column":32}},"8":{"start":{"line":98,"column":17},"end":{"line":98,"column":22}},"9":{"start":{"line":102,"column":12},"end":{"line":102,"column":14}},"10":{"start":{"line":103,"column":13},"end":{"line":103,"column":22}},"11":{"start":{"line":105,"column":17},"end":{"line":105,"column":19}},"12":{"start":{"line":107,"column":10},"end":{"line":107,"column":19}},"13":{"start":{"line":114,"column":2},"end":{"line":114,"column":33}},"14":{"start":{"line":114,"column":26},"end":{"line":114,"column":33}},"15":{"start":{"line":115,"column":2},"end":{"line":115,"column":26}},"16":{"start":{"line":116,"column":2},"end":{"line":116,"column":22}},"17":{"start":{"line":117,"column":2},"end":{"line":117,"column":35}},"18":{"start":{"line":118,"column":2},"end":{"line":118,"column":34}},"19":{"start":{"line":119,"column":2},"end":{"line":119,"column":28}},"20":{"start":{"line":120,"column":2},"end":{"line":122,"column":5}},"21":{"start":{"line":121,"column":3},"end":{"line":121,"column":82}},"22":{"start":{"line":123,"column":2},"end":{"line":123,"column":23}},"23":{"start":{"line":124,"column":2},"end":{"line":124,"column":21}},"24":{"start":{"line":125,"column":2},"end":{"line":129,"column":5}},"25":{"start":{"line":126,"column":3},"end":{"line":128,"column":4}},"26":{"start":{"line":127,"column":4},"end":{"line":127,"column":17}},"27":{"start":{"line":130,"column":2},"end":{"line":130,"column":28}},"28":{"start":{"line":137,"column":2},"end":{"line":137,"column":78}},"29":{"start":{"line":147,"column":18},"end":{"line":147,"column":119}},"30":{"start":{"line":148,"column":32},"end":{"line":148,"column":63}},"31":{"start":{"line":149,"column":2},"end":{"line":151,"column":3}},"32":{"start":{"line":150,"column":3},"end":{"line":150,"column":58}},"33":{"start":{"line":152,"column":18},"end":{"line":152,"column":97}},"34":{"start":{"line":154,"column":3},"end":{"line":156,"column":63}},"35":{"start":{"line":157,"column":22},"end":{"line":170,"column":3}},"36":{"start":{"line":160,"column":25},"end":{"line":160,"column":53}},"37":{"start":{"line":161,"column":4},"end":{"line":167,"column":5}},"38":{"start":{"line":162,"column":17},"end":{"line":162,"column":80}},"39":{"start":{"line":162,"column":43},"end":{"line":162,"column":79}},"40":{"start":{"line":163,"column":5},"end":{"line":165,"column":6}},"41":{"start":{"line":164,"column":6},"end":{"line":164,"column":108}},"42":{"start":{"line":166,"column":5},"end":{"line":166,"column":78}},"43":{"start":{"line":168,"column":4},"end":{"line":168,"column":15}},"44":{"start":{"line":171,"column":2},"end":{"line":178,"column":4}},"45":{"start":{"line":190,"column":2},"end":{"line":192,"column":3}},"46":{"start":{"line":191,"column":3},"end":{"line":191,"column":44}},"47":{"start":{"line":193,"column":2},"end":{"line":193,"column":35}},"48":{"start":{"line":194,"column":24},"end":{"line":194,"column":71}},"49":{"start":{"line":195,"column":2},"end":{"line":195,"column":36}},"50":{"start":{"line":196,"column":15},"end":{"line":196,"column":87}},"51":{"start":{"line":197,"column":2},"end":{"line":197,"column":32}},"52":{"start":{"line":198,"column":2},"end":{"line":198,"column":14}},"53":{"start":{"line":205,"column":2},"end":{"line":205,"column":118}},"54":{"start":{"line":205,"column":52},"end":{"line":205,"column":116}},"55":{"start":{"line":243,"column":2},"end":{"line":253,"column":3}},"56":{"start":{"line":245,"column":4},"end":{"line":245,"column":55}},"57":{"start":{"line":245,"column":28},"end":{"line":245,"column":54}},"58":{"start":{"line":246,"column":4},"end":{"line":246,"column":10}},"59":{"start":{"line":248,"column":4},"end":{"line":248,"column":70}},"60":{"start":{"line":248,"column":28},"end":{"line":248,"column":69}},"61":{"start":{"line":249,"column":4},"end":{"line":249,"column":10}},"62":{"start":{"line":251,"column":4},"end":{"line":251,"column":65}},"63":{"start":{"line":251,"column":28},"end":{"line":251,"column":64}},"64":{"start":{"line":252,"column":4},"end":{"line":252,"column":10}},"65":{"start":{"line":255,"column":2},"end":{"line":260,"column":3}},"66":{"start":{"line":256,"column":3},"end":{"line":256,"column":113}},"67":{"start":{"line":256,"column":51},"end":{"line":256,"column":92}},"68":{"start":{"line":259,"column":3},"end":{"line":259,"column":120}},"69":{"start":{"line":259,"column":50},"end":{"line":259,"column":99}},"70":{"start":{"line":261,"column":2},"end":{"line":264,"column":3}},"71":{"start":{"line":262,"column":3},"end":{"line":262,"column":20}},"72":{"start":{"line":265,"column":2},"end":{"line":265,"column":15}},"73":{"start":{"line":284,"column":2},"end":{"line":284,"column":22}},"74":{"start":{"line":292,"column":2},"end":{"line":298,"column":3}},"75":{"start":{"line":293,"column":3},"end":{"line":295,"column":4}},"76":{"start":{"line":294,"column":4},"end":{"line":294,"column":67}},"77":{"start":{"line":296,"column":3},"end":{"line":296,"column":25}},"78":{"start":{"line":297,"column":3},"end":{"line":297,"column":25}},"79":{"start":{"line":305,"column":2},"end":{"line":305,"column":22}},"80":{"start":{"line":316,"column":23},"end":{"line":319,"column":4}},"81":{"start":{"line":317,"column":3},"end":{"line":317,"column":53}},"82":{"start":{"line":318,"column":3},"end":{"line":318,"column":33}},"83":{"start":{"line":320,"column":2},"end":{"line":320,"column":45}},"84":{"start":{"line":328,"column":2},"end":{"line":328,"column":24}},"85":{"start":{"line":336,"column":2},"end":{"line":338,"column":3}},"86":{"start":{"line":337,"column":3},"end":{"line":337,"column":35}},"87":{"start":{"line":339,"column":2},"end":{"line":339,"column":54}},"88":{"start":{"line":347,"column":2},"end":{"line":349,"column":3}},"89":{"start":{"line":348,"column":3},"end":{"line":348,"column":10}},"90":{"start":{"line":350,"column":2},"end":{"line":350,"column":48}},"91":{"start":{"line":351,"column":2},"end":{"line":351,"column":35}},"92":{"start":{"line":366,"column":2},"end":{"line":366,"column":87}},"93":{"start":{"line":366,"column":44},"end":{"line":366,"column":85}},"94":{"start":{"line":407,"column":18},"end":{"line":407,"column":27}},"95":{"start":{"line":408,"column":2},"end":{"line":415,"column":4}},"96":{"start":{"line":409,"column":3},"end":{"line":414,"column":4}},"97":{"start":{"line":410,"column":4},"end":{"line":413,"column":6}},"98":{"start":{"line":416,"column":2},"end":{"line":421,"column":5}},"99":{"start":{"line":417,"column":15},"end":{"line":417,"column":67}},"100":{"start":{"line":417,"column":44},"end":{"line":417,"column":66}},"101":{"start":{"line":418,"column":3},"end":{"line":420,"column":4}},"102":{"start":{"line":419,"column":4},"end":{"line":419,"column":63}},"103":{"start":{"line":431,"column":2},"end":{"line":431,"column":48}},"104":{"start":{"line":431,"column":36},"end":{"line":431,"column":48}},"105":{"start":{"line":432,"column":20},"end":{"line":432,"column":39}},"106":{"start":{"line":433,"column":28},"end":{"line":433,"column":111}},"107":{"start":{"line":433,"column":65},"end":{"line":433,"column":103}},"108":{"start":{"line":434,"column":2},"end":{"line":445,"column":3}},"109":{"start":{"line":435,"column":3},"end":{"line":441,"column":4}},"110":{"start":{"line":436,"column":31},"end":{"line":436,"column":71}},"111":{"start":{"line":437,"column":35},"end":{"line":437,"column":79}},"112":{"start":{"line":438,"column":4},"end":{"line":440,"column":5}},"113":{"start":{"line":439,"column":5},"end":{"line":439,"column":76}},"114":{"start":{"line":442,"column":3},"end":{"line":442,"column":56}},"115":{"start":{"line":444,"column":3},"end":{"line":444,"column":15}},"116":{"start":{"line":449,"column":2},"end":{"line":453,"column":5}},"117":{"start":{"line":450,"column":3},"end":{"line":452,"column":6}},"118":{"start":{"line":451,"column":4},"end":{"line":451,"column":51}},"119":{"start":{"line":454,"column":2},"end":{"line":454,"column":14}},"120":{"start":{"line":458,"column":2},"end":{"line":458,"column":41}},"121":{"start":{"line":458,"column":34},"end":{"line":458,"column":41}},"122":{"start":{"line":459,"column":2},"end":{"line":459,"column":61}},"123":{"start":{"line":459,"column":29},"end":{"line":459,"column":61}},"124":{"start":{"line":460,"column":14},"end":{"line":460,"column":63}},"125":{"start":{"line":460,"column":42},"end":{"line":460,"column":62}},"126":{"start":{"line":461,"column":2},"end":{"line":467,"column":5}},"127":{"start":{"line":462,"column":3},"end":{"line":466,"column":4}},"128":{"start":{"line":463,"column":4},"end":{"line":463,"column":50}},"129":{"start":{"line":465,"column":4},"end":{"line":465,"column":56}}},"fnMap":{"0":{"name":"(anonymous_0)","decl":{"start":{"line":49,"column":1},"end":{"line":49,"column":2}},"loc":{"start":{"line":49,"column":46},"end":{"line":54,"column":2}},"line":49},"1":{"name":"(anonymous_1)","decl":{"start":{"line":62,"column":1},"end":{"line":62,"column":2}},"loc":{"start":{"line":62,"column":15},"end":{"line":64,"column":2}},"line":62},"2":{"name":"(anonymous_2)","decl":{"start":{"line":91,"column":1},"end":{"line":91,"column":2}},"loc":{"start":{"line":91,"column":91},"end":{"line":96,"column":2}},"line":91},"3":{"name":"(anonymous_3)","decl":{"start":{"line":112,"column":1},"end":{"line":112,"column":2}},"loc":{"start":{"line":112,"column":8},"end":{"line":131,"column":2}},"line":112},"4":{"name":"(anonymous_4)","decl":{"start":{"line":120,"column":26},"end":{"line":120,"column":27}},"loc":{"start":{"line":120,"column":36},"end":{"line":122,"column":3}},"line":120},"5":{"name":"(anonymous_5)","decl":{"start":{"line":125,"column":25},"end":{"line":125,"column":26}},"loc":{"start":{"line":125,"column":36},"end":{"line":129,"column":3}},"line":125},"6":{"name":"(anonymous_6)","decl":{"start":{"line":159,"column":34},"end":{"line":159,"column":35}},"loc":{"start":{"line":159,"column":43},"end":{"line":169,"column":4}},"line":159},"7":{"name":"(anonymous_7)","decl":{"start":{"line":162,"column":34},"end":{"line":162,"column":35}},"loc":{"start":{"line":162,"column":43},"end":{"line":162,"column":79}},"line":162},"8":{"name":"(anonymous_8)","decl":{"start":{"line":189,"column":1},"end":{"line":189,"column":2}},"loc":{"start":{"line":189,"column":29},"end":{"line":199,"column":2}},"line":189},"9":{"name":"(anonymous_9)","decl":{"start":{"line":205,"column":41},"end":{"line":205,"column":42}},"loc":{"start":{"line":205,"column":52},"end":{"line":205,"column":116}},"line":205},"10":{"name":"(anonymous_10)","decl":{"start":{"line":211,"column":1},"end":{"line":211,"column":2}},"loc":{"start":{"line":211,"column":17},"end":{"line":211,"column":19}},"line":211},"11":{"name":"(anonymous_11)","decl":{"start":{"line":216,"column":1},"end":{"line":216,"column":2}},"loc":{"start":{"line":216,"column":15},"end":{"line":216,"column":17}},"line":216},"12":{"name":"(anonymous_12)","decl":{"start":{"line":224,"column":1},"end":{"line":224,"column":2}},"loc":{"start":{"line":224,"column":19},"end":{"line":224,"column":21}},"line":224},"13":{"name":"(anonymous_13)","decl":{"start":{"line":233,"column":1},"end":{"line":233,"column":2}},"loc":{"start":{"line":233,"column":32},"end":{"line":233,"column":34}},"line":233},"14":{"name":"(anonymous_14)","decl":{"start":{"line":241,"column":1},"end":{"line":241,"column":2}},"loc":{"start":{"line":241,"column":35},"end":{"line":266,"column":2}},"line":241},"15":{"name":"(anonymous_15)","decl":{"start":{"line":245,"column":19},"end":{"line":245,"column":20}},"loc":{"start":{"line":245,"column":28},"end":{"line":245,"column":54}},"line":245},"16":{"name":"(anonymous_16)","decl":{"start":{"line":248,"column":19},"end":{"line":248,"column":20}},"loc":{"start":{"line":248,"column":28},"end":{"line":248,"column":69}},"line":248},"17":{"name":"(anonymous_17)","decl":{"start":{"line":251,"column":19},"end":{"line":251,"column":20}},"loc":{"start":{"line":251,"column":28},"end":{"line":251,"column":64}},"line":251},"18":{"name":"(anonymous_18)","decl":{"start":{"line":256,"column":42},"end":{"line":256,"column":43}},"loc":{"start":{"line":256,"column":51},"end":{"line":256,"column":92}},"line":256},"19":{"name":"(anonymous_19)","decl":{"start":{"line":259,"column":40},"end":{"line":259,"column":41}},"loc":{"start":{"line":259,"column":50},"end":{"line":259,"column":99}},"line":259},"20":{"name":"(anonymous_20)","decl":{"start":{"line":275,"column":1},"end":{"line":275,"column":2}},"loc":{"start":{"line":275,"column":22},"end":{"line":277,"column":2}},"line":275},"21":{"name":"(anonymous_21)","decl":{"start":{"line":283,"column":1},"end":{"line":283,"column":2}},"loc":{"start":{"line":283,"column":13},"end":{"line":285,"column":2}},"line":283},"22":{"name":"(anonymous_22)","decl":{"start":{"line":291,"column":1},"end":{"line":291,"column":2}},"loc":{"start":{"line":291,"column":19},"end":{"line":299,"column":2}},"line":291},"23":{"name":"(anonymous_23)","decl":{"start":{"line":304,"column":1},"end":{"line":304,"column":2}},"loc":{"start":{"line":304,"column":17},"end":{"line":306,"column":2}},"line":304},"24":{"name":"(anonymous_24)","decl":{"start":{"line":314,"column":1},"end":{"line":314,"column":2}},"loc":{"start":{"line":314,"column":38},"end":{"line":321,"column":2}},"line":314},"25":{"name":"(anonymous_25)","decl":{"start":{"line":316,"column":57},"end":{"line":316,"column":58}},"loc":{"start":{"line":316,"column":70},"end":{"line":319,"column":3}},"line":316},"26":{"name":"(anonymous_26)","decl":{"start":{"line":327,"column":1},"end":{"line":327,"column":2}},"loc":{"start":{"line":327,"column":15},"end":{"line":329,"column":2}},"line":327},"27":{"name":"(anonymous_27)","decl":{"start":{"line":335,"column":1},"end":{"line":335,"column":2}},"loc":{"start":{"line":335,"column":24},"end":{"line":340,"column":2}},"line":335},"28":{"name":"(anonymous_28)","decl":{"start":{"line":346,"column":1},"end":{"line":346,"column":2}},"loc":{"start":{"line":346,"column":24},"end":{"line":352,"column":2}},"line":346},"29":{"name":"(anonymous_29)","decl":{"start":{"line":358,"column":1},"end":{"line":358,"column":2}},"loc":{"start":{"line":358,"column":23},"end":{"line":358,"column":25}},"line":358},"30":{"name":"(anonymous_30)","decl":{"start":{"line":365,"column":1},"end":{"line":365,"column":2}},"loc":{"start":{"line":365,"column":39},"end":{"line":367,"column":2}},"line":365},"31":{"name":"(anonymous_31)","decl":{"start":{"line":366,"column":35},"end":{"line":366,"column":36}},"loc":{"start":{"line":366,"column":44},"end":{"line":366,"column":85}},"line":366},"32":{"name":"(anonymous_32)","decl":{"start":{"line":408,"column":24},"end":{"line":408,"column":25}},"loc":{"start":{"line":409,"column":3},"end":{"line":414,"column":4}},"line":409},"33":{"name":"(anonymous_33)","decl":{"start":{"line":409,"column":32},"end":{"line":409,"column":33}},"loc":{"start":{"line":410,"column":4},"end":{"line":413,"column":6}},"line":410},"34":{"name":"(anonymous_34)","decl":{"start":{"line":416,"column":18},"end":{"line":416,"column":19}},"loc":{"start":{"line":416,"column":27},"end":{"line":421,"column":3}},"line":416},"35":{"name":"(anonymous_35)","decl":{"start":{"line":417,"column":34},"end":{"line":417,"column":35}},"loc":{"start":{"line":417,"column":44},"end":{"line":417,"column":66}},"line":417},"36":{"name":"(anonymous_36)","decl":{"start":{"line":433,"column":50},"end":{"line":433,"column":51}},"loc":{"start":{"line":433,"column":65},"end":{"line":433,"column":103}},"line":433},"37":{"name":"(anonymous_37)","decl":{"start":{"line":449,"column":24},"end":{"line":449,"column":25}},"loc":{"start":{"line":449,"column":33},"end":{"line":453,"column":3}},"line":449},"38":{"name":"(anonymous_38)","decl":{"start":{"line":450,"column":32},"end":{"line":450,"column":33}},"loc":{"start":{"line":450,"column":41},"end":{"line":452,"column":4}},"line":450},"39":{"name":"(anonymous_39)","decl":{"start":{"line":460,"column":33},"end":{"line":460,"column":34}},"loc":{"start":{"line":460,"column":42},"end":{"line":460,"column":62}},"line":460},"40":{"name":"(anonymous_40)","decl":{"start":{"line":461,"column":31},"end":{"line":461,"column":32}},"loc":{"start":{"line":461,"column":41},"end":{"line":467,"column":3}},"line":461}},"branchMap":{"0":{"loc":{"start":{"line":91,"column":13},"end":{"line":91,"column":24}},"type":"default-arg","locations":[{"start":{"line":91,"column":22},"end":{"line":91,"column":24}}],"line":91},"1":{"loc":{"start":{"line":91,"column":26},"end":{"line":91,"column":35}},"type":"default-arg","locations":[{"start":{"line":91,"column":33},"end":{"line":91,"column":35}}],"line":91},"2":{"loc":{"start":{"line":91,"column":37},"end":{"line":91,"column":50}},"type":"default-arg","locations":[{"start":{"line":91,"column":46},"end":{"line":91,"column":50}}],"line":91},"3":{"loc":{"start":{"line":91,"column":52},"end":{"line":91,"column":89}},"type":"default-arg","locations":[{"start":{"line":91,"column":65},"end":{"line":91,"column":89}}],"line":91},"4":{"loc":{"start":{"line":114,"column":2},"end":{"line":114,"column":33}},"type":"if","locations":[{"start":{"line":114,"column":2},"end":{"line":114,"column":33}},{"start":{},"end":{}}],"line":114},"5":{"loc":{"start":{"line":126,"column":3},"end":{"line":128,"column":4}},"type":"if","locations":[{"start":{"line":126,"column":3},"end":{"line":128,"column":4}},{"start":{},"end":{}}],"line":126},"6":{"loc":{"start":{"line":147,"column":18},"end":{"line":147,"column":119}},"type":"cond-expr","locations":[{"start":{"line":147,"column":61},"end":{"line":147,"column":96}},{"start":{"line":147,"column":99},"end":{"line":147,"column":119}}],"line":147},"7":{"loc":{"start":{"line":149,"column":2},"end":{"line":151,"column":3}},"type":"if","locations":[{"start":{"line":149,"column":2},"end":{"line":151,"column":3}},{"start":{},"end":{}}],"line":149},"8":{"loc":{"start":{"line":149,"column":6},"end":{"line":149,"column":125}},"type":"binary-expr","locations":[{"start":{"line":149,"column":6},"end":{"line":149,"column":39}},{"start":{"line":149,"column":43},"end":{"line":149,"column":79}},{"start":{"line":149,"column":83},"end":{"line":149,"column":125}}],"line":149},"9":{"loc":{"start":{"line":152,"column":18},"end":{"line":152,"column":97}},"type":"binary-expr","locations":[{"start":{"line":152,"column":18},"end":{"line":152,"column":51}},{"start":{"line":152,"column":55},"end":{"line":152,"column":97}}],"line":152},"10":{"loc":{"start":{"line":154,"column":3},"end":{"line":156,"column":63}},"type":"cond-expr","locations":[{"start":{"line":155,"column":6},"end":{"line":155,"column":71}},{"start":{"line":156,"column":6},"end":{"line":156,"column":63}}],"line":154},"11":{"loc":{"start":{"line":161,"column":4},"end":{"line":167,"column":5}},"type":"if","locations":[{"start":{"line":161,"column":4},"end":{"line":167,"column":5}},{"start":{},"end":{}}],"line":161},"12":{"loc":{"start":{"line":161,"column":8},"end":{"line":161,"column":42}},"type":"binary-expr","locations":[{"start":{"line":161,"column":8},"end":{"line":161,"column":20}},{"start":{"line":161,"column":24},"end":{"line":161,"column":42}}],"line":161},"13":{"loc":{"start":{"line":163,"column":5},"end":{"line":165,"column":6}},"type":"if","locations":[{"start":{"line":163,"column":5},"end":{"line":165,"column":6}},{"start":{},"end":{}}],"line":163},"14":{"loc":{"start":{"line":166,"column":12},"end":{"line":166,"column":77}},"type":"cond-expr","locations":[{"start":{"line":166,"column":43},"end":{"line":166,"column":66}},{"start":{"line":166,"column":69},"end":{"line":166,"column":77}}],"line":166},"15":{"loc":{"start":{"line":190,"column":2},"end":{"line":192,"column":3}},"type":"if","locations":[{"start":{"line":190,"column":2},"end":{"line":192,"column":3}},{"start":{},"end":{}}],"line":190},"16":{"loc":{"start":{"line":243,"column":2},"end":{"line":253,"column":3}},"type":"switch","locations":[{"start":{"line":244,"column":3},"end":{"line":246,"column":10}},{"start":{"line":247,"column":3},"end":{"line":249,"column":10}},{"start":{"line":250,"column":3},"end":{"line":252,"column":10}}],"line":243},"17":{"loc":{"start":{"line":255,"column":2},"end":{"line":260,"column":3}},"type":"if","locations":[{"start":{"line":255,"column":2},"end":{"line":260,"column":3}},{"start":{"line":257,"column":9},"end":{"line":260,"column":3}}],"line":255},"18":{"loc":{"start":{"line":261,"column":2},"end":{"line":264,"column":3}},"type":"if","locations":[{"start":{"line":261,"column":2},"end":{"line":264,"column":3}},{"start":{},"end":{}}],"line":261},"19":{"loc":{"start":{"line":292,"column":2},"end":{"line":298,"column":3}},"type":"if","locations":[{"start":{"line":292,"column":2},"end":{"line":298,"column":3}},{"start":{},"end":{}}],"line":292},"20":{"loc":{"start":{"line":293,"column":3},"end":{"line":295,"column":4}},"type":"if","locations":[{"start":{"line":293,"column":3},"end":{"line":295,"column":4}},{"start":{},"end":{}}],"line":293},"21":{"loc":{"start":{"line":320,"column":9},"end":{"line":320,"column":44}},"type":"cond-expr","locations":[{"start":{"line":320,"column":24},"end":{"line":320,"column":32}},{"start":{"line":320,"column":35},"end":{"line":320,"column":44}}],"line":320},"22":{"loc":{"start":{"line":336,"column":2},"end":{"line":338,"column":3}},"type":"if","locations":[{"start":{"line":336,"column":2},"end":{"line":338,"column":3}},{"start":{},"end":{}}],"line":336},"23":{"loc":{"start":{"line":347,"column":2},"end":{"line":349,"column":3}},"type":"if","locations":[{"start":{"line":347,"column":2},"end":{"line":349,"column":3}},{"start":{},"end":{}}],"line":347},"24":{"loc":{"start":{"line":418,"column":3},"end":{"line":420,"column":4}},"type":"if","locations":[{"start":{"line":418,"column":3},"end":{"line":420,"column":4}},{"start":{},"end":{}}],"line":418},"25":{"loc":{"start":{"line":431,"column":2},"end":{"line":431,"column":48}},"type":"if","locations":[{"start":{"line":431,"column":2},"end":{"line":431,"column":48}},{"start":{},"end":{}}],"line":431},"26":{"loc":{"start":{"line":434,"column":2},"end":{"line":445,"column":3}},"type":"if","locations":[{"start":{"line":434,"column":2},"end":{"line":445,"column":3}},{"start":{"line":443,"column":9},"end":{"line":445,"column":3}}],"line":434},"27":{"loc":{"start":{"line":435,"column":3},"end":{"line":441,"column":4}},"type":"if","locations":[{"start":{"line":435,"column":3},"end":{"line":441,"column":4}},{"start":{},"end":{}}],"line":435},"28":{"loc":{"start":{"line":438,"column":4},"end":{"line":440,"column":5}},"type":"if","locations":[{"start":{"line":438,"column":4},"end":{"line":440,"column":5}},{"start":{},"end":{}}],"line":438},"29":{"loc":{"start":{"line":457,"column":21},"end":{"line":457,"column":34}},"type":"default-arg","locations":[{"start":{"line":457,"column":32},"end":{"line":457,"column":34}}],"line":457},"30":{"loc":{"start":{"line":458,"column":2},"end":{"line":458,"column":41}},"type":"if","locations":[{"start":{"line":458,"column":2},"end":{"line":458,"column":41}},{"start":{},"end":{}}],"line":458},"31":{"loc":{"start":{"line":459,"column":2},"end":{"line":459,"column":61}},"type":"if","locations":[{"start":{"line":459,"column":2},"end":{"line":459,"column":61}},{"start":{},"end":{}}],"line":459},"32":{"loc":{"start":{"line":462,"column":3},"end":{"line":466,"column":4}},"type":"if","locations":[{"start":{"line":462,"column":3},"end":{"line":466,"column":4}},{"start":{"line":464,"column":10},"end":{"line":466,"column":4}}],"line":462}},"s":{"0":0,"1":0,"2":0,"3":0,"4":37,"5":37,"6":37,"7":37,"8":37,"9":37,"10":37,"11":37,"12":37,"13":23,"14":1,"15":22,"16":22,"17":22,"18":20,"19":18,"20":18,"21":153,"22":18,"23":18,"24":18,"25":1,"26":1,"27":18,"28":22,"29":111,"30":111,"31":111,"32":0,"33":111,"34":111,"35":111,"36":57,"37":57,"38":0,"39":0,"40":0,"41":0,"42":0,"43":57,"44":111,"45":0,"46":0,"47":0,"48":0,"49":0,"50":0,"51":0,"52":0,"53":18,"54":103,"55":62,"56":62,"57":197,"58":62,"59":0,"60":0,"61":0,"62":0,"63":0,"64":0,"65":62,"66":17,"67":102,"68":45,"69":484,"70":62,"71":10,"72":52,"73":4,"74":37,"75":5,"76":0,"77":5,"78":5,"79":0,"80":3,"81":1,"82":1,"83":3,"84":7,"85":5,"86":0,"87":5,"88":0,"89":0,"90":0,"91":0,"92":91,"93":541,"94":22,"95":22,"96":111,"97":57,"98":22,"99":57,"100":214,"101":57,"102":2,"103":0,"104":0,"105":0,"106":0,"107":0,"108":0,"109":0,"110":0,"111":0,"112":0,"113":0,"114":0,"115":0,"116":20,"117":105,"118":53,"119":18,"120":53,"121":0,"122":53,"123":0,"124":53,"125":208,"126":53,"127":2,"128":2,"129":0},"f":{"0":0,"1":0,"2":37,"3":23,"4":153,"5":1,"6":57,"7":0,"8":0,"9":103,"10":2,"11":2,"12":0,"13":0,"14":62,"15":197,"16":0,"17":0,"18":102,"19":484,"20":0,"21":4,"22":37,"23":0,"24":3,"25":1,"26":7,"27":5,"28":0,"29":0,"30":91,"31":541,"32":111,"33":57,"34":57,"35":214,"36":0,"37":105,"38":53,"39":208,"40":2},"b":{"0":[0],"1":[0],"2":[0],"3":[0],"4":[1,22],"5":[1,0],"6":[0,111],"7":[0,111],"8":[111,0,0],"9":[111,0],"10":[111,0],"11":[0,57],"12":[57,57],"13":[0,0],"14":[0,0],"15":[0,0],"16":[62,0,0],"17":[17,45],"18":[10,52],"19":[5,32],"20":[0,5],"21":[1,2],"22":[0,5],"23":[0,0],"24":[2,55],"25":[0,0],"26":[0,0],"27":[0,0],"28":[0,0],"29":[0],"30":[0,53],"31":[0,53],"32":[2,0]},"_coverageSchema":"1a1c01bbd47fc00a2c39e90264f33305004495a9","hash":"5752e49389254e24b985b43fc3ea857688a9e765"},"D:\\Programming\\xyz\\dizy\\src\\errors\\ContainerHasClassWithInvalidLifecycle.js":{"path":"D:\\Programming\\xyz\\dizy\\src\\errors\\ContainerHasClassWithInvalidLifecycle.js","statementMap":{"0":{"start":{"line":3,"column":18},"end":{"line":3,"column":118}},"1":{"start":{"line":4,"column":2},"end":{"line":4,"column":17}},"2":{"start":{"line":5,"column":2},"end":{"line":5,"column":67}}},"fnMap":{"0":{"name":"(anonymous_0)","decl":{"start":{"line":2,"column":1},"end":{"line":2,"column":2}},"loc":{"start":{"line":2,"column":36},"end":{"line":6,"column":2}},"line":2}},"branchMap":{},"s":{"0":0,"1":0,"2":0},"f":{"0":0},"b":{},"_coverageSchema":"1a1c01bbd47fc00a2c39e90264f33305004495a9","hash":"aa6b5d0cf282b5cb819892a53390a2b1f596bcd3"},"D:\\Programming\\xyz\\dizy\\src\\containers\\helpers\\InstanceHelper.js":{"path":"D:\\Programming\\xyz\\dizy\\src\\containers\\helpers\\InstanceHelper.js","statementMap":{"0":{"start":{"line":14,"column":2},"end":{"line":18,"column":3}},"1":{"start":{"line":15,"column":3},"end":{"line":15,"column":52}},"2":{"start":{"line":17,"column":3},"end":{"line":17,"column":66}}},"fnMap":{"0":{"name":"(anonymous_0)","decl":{"start":{"line":13,"column":1},"end":{"line":13,"column":2}},"loc":{"start":{"line":13,"column":54},"end":{"line":19,"column":2}},"line":13}},"branchMap":{"0":{"loc":{"start":{"line":14,"column":2},"end":{"line":18,"column":3}},"type":"if","locations":[{"start":{"line":14,"column":2},"end":{"line":18,"column":3}},{"start":{"line":16,"column":9},"end":{"line":18,"column":3}}],"line":14}},"s":{"0":58,"1":57,"2":1},"f":{"0":58},"b":{"0":[57,1]},"_coverageSchema":"1a1c01bbd47fc00a2c39e90264f33305004495a9","hash":"d80e112819bf8cd618950b9d4709468907d7a414"},"D:\\Programming\\xyz\\dizy\\src\\containers\\SimpleContainer.js":{"path":"D:\\Programming\\xyz\\dizy\\src\\containers\\SimpleContainer.js","statementMap":{"0":{"start":{"line":11,"column":2},"end":{"line":13,"column":4}},"1":{"start":{"line":29,"column":2},"end":{"line":31,"column":3}},"2":{"start":{"line":30,"column":3},"end":{"line":30,"column":44}},"3":{"start":{"line":32,"column":2},"end":{"line":32,"column":31}},"4":{"start":{"line":67,"column":25},"end":{"line":67,"column":27}},"5":{"start":{"line":68,"column":2},"end":{"line":79,"column":3}},"6":{"start":{"line":69,"column":3},"end":{"line":78,"column":6}},"7":{"start":{"line":70,"column":21},"end":{"line":70,"column":100}},"8":{"start":{"line":70,"column":70},"end":{"line":70,"column":99}},"9":{"start":{"line":72,"column":5},"end":{"line":73,"column":95}},"10":{"start":{"line":74,"column":4},"end":{"line":76,"column":5}},"11":{"start":{"line":75,"column":5},"end":{"line":75,"column":49}},"12":{"start":{"line":77,"column":4},"end":{"line":77,"column":55}},"13":{"start":{"line":80,"column":19},"end":{"line":80,"column":84}},"14":{"start":{"line":81,"column":2},"end":{"line":81,"column":54}},"15":{"start":{"line":82,"column":2},"end":{"line":82,"column":18}},"16":{"start":{"line":95,"column":2},"end":{"line":95,"column":45}}},"fnMap":{"0":{"name":"(anonymous_0)","decl":{"start":{"line":10,"column":1},"end":{"line":10,"column":2}},"loc":{"start":{"line":10,"column":15},"end":{"line":14,"column":2}},"line":10},"1":{"name":"(anonymous_1)","decl":{"start":{"line":28,"column":1},"end":{"line":28,"column":2}},"loc":{"start":{"line":28,"column":41},"end":{"line":33,"column":2}},"line":28},"2":{"name":"(anonymous_2)","decl":{"start":{"line":40,"column":1},"end":{"line":40,"column":2}},"loc":{"start":{"line":40,"column":27},"end":{"line":83,"column":2}},"line":40},"3":{"name":"(anonymous_3)","decl":{"start":{"line":69,"column":47},"end":{"line":69,"column":48}},"loc":{"start":{"line":69,"column":56},"end":{"line":78,"column":4}},"line":69},"4":{"name":"(anonymous_4)","decl":{"start":{"line":70,"column":57},"end":{"line":70,"column":58}},"loc":{"start":{"line":70,"column":70},"end":{"line":70,"column":99}},"line":70},"5":{"name":"(anonymous_5)","decl":{"start":{"line":88,"column":1},"end":{"line":88,"column":2}},"loc":{"start":{"line":88,"column":16},"end":{"line":88,"column":18}},"line":88},"6":{"name":"(anonymous_6)","decl":{"start":{"line":94,"column":1},"end":{"line":94,"column":2}},"loc":{"start":{"line":94,"column":32},"end":{"line":96,"column":2}},"line":94}},"branchMap":{"0":{"loc":{"start":{"line":28,"column":21},"end":{"line":28,"column":39}},"type":"default-arg","locations":[{"start":{"line":28,"column":37},"end":{"line":28,"column":39}}],"line":28},"1":{"loc":{"start":{"line":29,"column":2},"end":{"line":31,"column":3}},"type":"if","locations":[{"start":{"line":29,"column":2},"end":{"line":31,"column":3}},{"start":{},"end":{}}],"line":29},"2":{"loc":{"start":{"line":68,"column":2},"end":{"line":79,"column":3}},"type":"if","locations":[{"start":{"line":68,"column":2},"end":{"line":79,"column":3}},{"start":{},"end":{}}],"line":68},"3":{"loc":{"start":{"line":72,"column":5},"end":{"line":73,"column":95}},"type":"binary-expr","locations":[{"start":{"line":72,"column":5},"end":{"line":72,"column":44}},{"start":{"line":73,"column":5},"end":{"line":73,"column":95}}],"line":72},"4":{"loc":{"start":{"line":74,"column":4},"end":{"line":76,"column":5}},"type":"if","locations":[{"start":{"line":74,"column":4},"end":{"line":76,"column":5}},{"start":{},"end":{}}],"line":74}},"s":{"0":2,"1":80,"2":2,"3":78,"4":52,"5":52,"6":18,"7":18,"8":50,"9":18,"10":18,"11":3,"12":15,"13":52,"14":52,"15":52,"16":0},"f":{"0":2,"1":80,"2":52,"3":18,"4":50,"5":0,"6":0},"b":{"0":[0],"1":[2,78],"2":[18,34],"3":[18,17],"4":[3,15]},"_coverageSchema":"1a1c01bbd47fc00a2c39e90264f33305004495a9","hash":"8c9eae2d006098909fb1434a94a99c1a02ceea4f"},"D:\\Programming\\xyz\\dizy\\src\\utils\\deepEqual.js":{"path":"D:\\Programming\\xyz\\dizy\\src\\utils\\deepEqual.js","statementMap":{"0":{"start":{"line":1,"column":18},"end":{"line":15,"column":1}},"1":{"start":{"line":2,"column":1},"end":{"line":14,"column":21}},"2":{"start":{"line":3,"column":2},"end":{"line":3,"column":14}},"3":{"start":{"line":4,"column":8},"end":{"line":14,"column":21}},"4":{"start":{"line":5,"column":2},"end":{"line":5,"column":68}},"5":{"start":{"line":5,"column":55},"end":{"line":5,"column":68}},"6":{"start":{"line":7,"column":2},"end":{"line":11,"column":3}},"7":{"start":{"line":8,"column":3},"end":{"line":10,"column":23}},"8":{"start":{"line":9,"column":4},"end":{"line":9,"column":51}},"9":{"start":{"line":9,"column":38},"end":{"line":9,"column":51}},"10":{"start":{"line":10,"column":10},"end":{"line":10,"column":23}},"11":{"start":{"line":13,"column":2},"end":{"line":13,"column":14}},"12":{"start":{"line":14,"column":8},"end":{"line":14,"column":21}}},"fnMap":{"0":{"name":"(anonymous_0)","decl":{"start":{"line":1,"column":18},"end":{"line":1,"column":19}},"loc":{"start":{"line":1,"column":34},"end":{"line":15,"column":1}},"line":1}},"branchMap":{"0":{"loc":{"start":{"line":2,"column":1},"end":{"line":14,"column":21}},"type":"if","locations":[{"start":{"line":2,"column":1},"end":{"line":14,"column":21}},{"start":{"line":4,"column":8},"end":{"line":14,"column":21}}],"line":2},"1":{"loc":{"start":{"line":4,"column":8},"end":{"line":14,"column":21}},"type":"if","locations":[{"start":{"line":4,"column":8},"end":{"line":14,"column":21}},{"start":{"line":14,"column":8},"end":{"line":14,"column":21}}],"line":4},"2":{"loc":{"start":{"line":4,"column":12},"end":{"line":4,"column":84}},"type":"binary-expr","locations":[{"start":{"line":4,"column":12},"end":{"line":4,"column":33}},{"start":{"line":4,"column":37},"end":{"line":4,"column":46}},{"start":{"line":4,"column":50},"end":{"line":4,"column":71}},{"start":{"line":4,"column":75},"end":{"line":4,"column":84}}],"line":4},"3":{"loc":{"start":{"line":5,"column":2},"end":{"line":5,"column":68}},"type":"if","locations":[{"start":
[...]
},"11":{"start":{"line":37,"column":3},"end":{"line":37,"column":57}},"12":{"start":{"line":41,"column":1},"end":{"line":52,"column":4}},"13":{"start":{"line":42,"column":2},"end":{"line":51,"column":5}},"14":{"start":{"line":43,"column":27},"end":{"line":44,"column":113}},"15":{"start":{"line":44,"column":4},"end":{"line":44,"column":113}},"16":{"start":{"line":45,"column":3},"end":{"line":50,"column":5}},"17":{"start":{"line":54,"column":1},"end":{"line":69,"column":4}},"18":{"start":{"line":55,"column":2},"end":{"line":68,"column":4}},"19":{"start":{"line":60,"column":28},"end":{"line":60,"column":113}},"20":{"start":{"line":60,"column":34},"end":{"line":60,"column":113}},"21":{"start":{"line":61,"column":4},"end":{"line":66,"column":6}},"22":{"start":{"line":71,"column":1},"end":{"line":83,"column":4}},"23":{"start":{"line":72,"column":2},"end":{"line":82,"column":5}},"24":{"start":{"line":73,"column":22},"end":{"line":76,"column":4}},"25":{"start":{"line":77,"column":19},"end":{"line":77,"column":90}},"26":{"start":{"line":78,"column":3},"end":{"line":78,"column":18}},"27":{"start":{"line":79,"column":24},"end":{"line":79,"column":65}},"28":{"start":{"line":80,"column":20},"end":{"line":80,"column":84}},"29":{"start":{"line":81,"column":3},"end":{"line":81,"column":37}},"30":{"start":{"line":85,"column":1},"end":{"line":115,"column":4}},"31":{"start":{"line":86,"column":21},"end":{"line":89,"column":3}},"32":{"start":{"line":90,"column":18},"end":{"line":90,"column":89}},"33":{"start":{"line":91,"column":2},"end":{"line":91,"column":17}},"34":{"start":{"line":92,"column":23},"end":{"line":92,"column":64}},"35":{"start":{"line":93,"column":2},"end":{"line":93,"column":22}},"36":{"start":{"line":94,"column":19},"end":{"line":94,"column":83}},"37":{"start":{"line":96,"column":2},"end":{"line":100,"column":5}},"38":{"start":{"line":97,"column":3},"end":{"line":99,"column":6}},"39":{"start":{"line":98,"column":4},"end":{"line":98,"column":125}},"40":{"start":{"line":102,"column":2},"end":{"line":107,"column":5}},"41":{"start":{"line":103,"column":3},"end":{"line":106,"column":6}},"42":{"start":{"line":104,"column":27},"end":{"line":104,"column":91}},"43":{"start":{"line":105,"column":4},"end":{"line":105,"column":43}},"44":{"start":{"line":109,"column":2},"end":{"line":114,"column":5}},"45":{"start":{"line":110,"column":3},"end":{"line":113,"column":6}},"46":{"start":{"line":111,"column":23},"end":{"line":111,"column":56}},"47":{"start":{"line":112,"column":4},"end":{"line":112,"column":40}},"48":{"start":{"line":117,"column":1},"end":{"line":135,"column":4}},"49":{"start":{"line":118,"column":18},"end":{"line":118,"column":47}},"50":{"start":{"line":119,"column":2},"end":{"line":119,"column":17}},"51":{"start":{"line":120,"column":23},"end":{"line":123,"column":3}},"52":{"start":{"line":122,"column":45},"end":{"line":122,"column":100}},"53":{"start":{"line":125,"column":2},"end":{"line":128,"column":5}},"54":{"start":{"line":126,"column":27},"end":{"line":126,"column":119}},"55":{"start":{"line":126,"column":33},"end":{"line":126,"column":119}},"56":{"start":{"line":127,"column":3},"end":{"line":127,"column":119}},"57":{"start":{"line":130,"column":2},"end":{"line":134,"column":5}},"58":{"start":{"line":131,"column":27},"end":{"line":132,"column":117}},"59":{"start":{"line":132,"column":4},"end":{"line":132,"column":117}},"60":{"start":{"line":133,"column":3},"end":{"line":133,"column":47}},"61":{"start":{"line":137,"column":1},"end":{"line":143,"column":4}},"62":{"start":{"line":138,"column":2},"end":{"line":142,"column":5}},"63":{"start":{"line":139,"column":19},"end":{"line":139,"column":48}},"64":{"start":{"line":140,"column":24},"end":{"line":140,"column":53}},"65":{"start":{"line":141,"column":3},"end":{"line":141,"column":55}}},"fnMap":{"0":{"name":"(anonymous_0)","decl":{"start":{"line":10,"column":29},"end":{"line":10,"column":30}},"loc":{"start":{"line":10,"column":35},"end":{"line":144,"column":1}},"line":10},"1":{"name":"(anonymous_1)","decl":{"start":{"line":11,"column":36},"end":{"line":11,"column":37}},"loc":{"start":{"line":11,"column":42},"end":{"line":26,"column":2}},"line":11},"2":{"name":"(anonymous_2)","decl":{"start":{"line":16,"column":3},"end":{"line":16,"column":4}},"loc":{"start":{"line":16,"column":9},"end":{"line":24,"column":4}},"line":16},"3":{"name":"(anonymous_3)","decl":{"start":{"line":17,"column":28},"end":{"line":17,"column":29}},"loc":{"start":{"line":17,"column":34},"end":{"line":17,"column":56}},"line":17},"4":{"name":"(anonymous_4)","decl":{"start":{"line":28,"column":43},"end":{"line":28,"column":44}},"loc":{"start":{"line":28,"column":49},"end":{"line":39,"column":2}},"line":28},"5":{"name":"(anonymous_5)","decl":{"start":{"line":29,"column":81},"end":{"line":29,"column":82}},"loc":{"start":{"line":29,"column":87},"end":{"line":38,"column":3}},"line":29},"6":{"name":"(anonymous_6)","decl":{"start":{"line":30,"column":27},"end":{"line":30,"column":28}},"loc":{"start":{"line":30,"column":33},"end":{"line":30,"column":84}},"line":30},"7":{"name":"(anonymous_7)","decl":{"start":{"line":41,"column":75},"end":{"line":41,"column":76}},"loc":{"start":{"line":41,"column":81},"end":{"line":52,"column":2}},"line":41},"8":{"name":"(anonymous_8)","decl":{"start":{"line":42,"column":43},"end":{"line":42,"column":44}},"loc":{"start":{"line":42,"column":49},"end":{"line":51,"column":3}},"line":42},"9":{"name":"(anonymous_9)","decl":{"start":{"line":43,"column":27},"end":{"line":43,"column":28}},"loc":{"start":{"line":44,"column":4},"end":{"line":44,"column":113}},"line":44},"10":{"name":"(anonymous_10)","decl":{"start":{"line":54,"column":71},"end":{"line":54,"column":72}},"loc":{"start":{"line":54,"column":77},"end":{"line":69,"column":2}},"line":54},"11":{"name":"(anonymous_11)","decl":{"start":{"line":59,"column":3},"end":{"line":59,"column":4}},"loc":{"start":{"line":59,"column":9},"end":{"line":67,"column":4}},"line":59},"12":{"name":"(anonymous_12)","decl":{"start":{"line":60,"column":28},"end":{"line":60,"column":29}},"loc":{"start":{"line":60,"column":34},"end":{"line":60,"column":113}},"line":60},"13":{"name":"(anonymous_13)","decl":{"start":{"line":71,"column":116},"end":{"line":71,"column":117}},"loc":{"start":{"line":71,"column":122},"end":{"line":83,"column":2}},"line":71},"14":{"name":"(anonymous_14)","decl":{"start":{"line":72,"column":32},"end":{"line":72,"column":33}},"loc":{"start":{"line":72,"column":38},"end":{"line":82,"column":3}},"line":72},"15":{"name":"(anonymous_15)","decl":{"start":{"line":85,"column":74},"end":{"line":85,"column":75}},"loc":{"start":{"line":85,"column":80},"end":{"line":115,"column":2}},"line":85},"16":{"name":"(anonymous_16)","decl":{"start":{"line":96,"column":81},"end":{"line":96,"column":82}},"loc":{"start":{"line":96,"column":87},"end":{"line":100,"column":3}},"line":96},"17":{"name":"(anonymous_17)","decl":{"start":{"line":97,"column":46},"end":{"line":97,"column":47}},"loc":{"start":{"line":97,"column":52},"end":{"line":99,"column":4}},"line":97},"18":{"name":"(anonymous_18)","decl":{"start":{"line":102,"column":96},"end":{"line":102,"column":97}},"loc":{"start":{"line":102,"column":102},"end":{"line":107,"column":3}},"line":102},"19":{"name":"(anonymous_19)","decl":{"start":{"line":103,"column":55},"end":{"line":103,"column":56}},"loc":{"start":{"line":103,"column":61},"end":{"line":106,"column":4}},"line":103},"20":{"name":"(anonymous_20)","decl":{"start":{"line":109,"column":85},"end":{"line":109,"column":86}},"loc":{"start":{"line":109,"column":91},"end":{"line":114,"column":3}},"line":109},"21":{"name":"(anonymous_21)","decl":{"start":{"line":110,"column":33},"end":{"line":110,"column":34}},"loc":{"start":{"line":110,"column":39},"end":{"line":113,"column":4}},"line":110},"22":{"name":"(anonymous_22)","decl":{"start":{"line":117,"column":66},"end":{"line":117,"column":67}},"loc":{"start":{"line":117,"column":72},"end":{"line":135,"column":2}},"line":117},"23":{"name":"(anonymous_23)","decl":{"start":{"line":122,"column":32},"end":{"line":122,"column":33}},"loc":{"start":{"line":122,"column":45},"end":{"line":122,"column":100}},"line":122},"24":{"name":"(anonymous_24)","decl":{"start":{"line":125,"column":107},"end":{"line":125,"column":108}},"loc":{"start":{"line":125,"column":113},"end":{"line":128,"column":3}},"line":125},"25":{"name":"(anonymous_25)","decl":{"start":{"line":126,"column":27},"end":{"line":126,"column":28}},"loc":{"start":{"line":126,"column":33},"end":{"line":126,"column":119}},"line":126},"26":{"name":"(anonymous_26)","decl":{"start":{"line":130,"column":50},"end":{"line":130,"column":51}},"loc":{"start":{"line":130,"column":56},"end":{"line":134,"column":3}},"line":130},"27":{"name":"(anonymous_27)","decl":{"start":{"line":131,"column":27},"end":{"line":131,"column":28}},"loc":{"start":{"line":132,"column":4},"end":{"line":132,"column":117}},"line":132},"28":{"name":"(anonymous_28)","decl":{"start":{"line":137,"column":42},"end":{"line":137,"column":43}},"loc":{"start":{"line":137,"column":48},"end":{"line":143,"column":2}},"line":137},"29":{"name":"(anonymous_29)","decl":{"start":{"line":138,"column":30},"end":{"line":138,"column":31}},"loc":{"start":{"line":138,"column":36},"end":{"line":142,"column":3}},"line":138}},"branchMap":{},"s":{"0":1,"1":1,"2":1,"3":1,"4":1,"5":1,"6":1,"7":1,"8":1,"9":2,"10":1,"11":1,"12":1,"13":1,"14":1,"15":1,"16":1,"17":1,"18":1,"19":1,"20":1,"21":1,"22":1,"23":1,"24":1,"25":1,"26":1,"27":1,"28":1,"29":1,"30":1,"31":1,"32":1,"33":1,"34":1,"35":1,"36":1,"37":1,"38":1,"39":1,"40":1,"41":1,"42":1,"43":1,"44":1,"45":1,"46":1,"47":1,"48":1,"49":1,"50":1,"51":1,"52":6,"53":1,"54":1,"55":1,"56":1,"57":1,"58":1,"59":1,"60":1,"61":1,"62":1,"63":1,"64":1,"65":1},"f":{"0":1,"1":1,"2":1,"3":1,"4":1,"5":1,"6":2,"7":1,"8":1,"9":1,"10":1,"11":1,"12":1,"13":1,"14":1,"15":1,"16":1,"17":1,"18":1,"19":1,"20":1,"21":1,"22":1,"23":6,"24":1,"25":1,"26":1,"27":1,"28":1,"29":1},"b":{},"_coverageSchema":"1a1c01bbd47fc00a2c39e90264f33305004495a9","hash":"b024b356c5654ca85133e9a53edb4e534a27e483"},"D:\\Programming\\xyz\\dizy\\src\\test\\SingletoneContainer.test.js":{"path":"D:\\Programming\\xyz\\dizy\\src\\test\\SingletoneContainer.test.js","statementMap":{"0":{"start":{"line":10,"column":0},"end":{"line":129,"column":3}},"1":{"start":{"line":11,"column":1},"end":{"line":26,"column":4}},"2":{"start":{"line":12,"column":2},"end":{"line":25,"column":4}},"3":{"start":{"line":17,"column":28},"end":{"line":17,"column":59}},"4":{"start":{"line":17,"column":34},"end":{"line":17,"column":59}},"5":{"start":{"line":18,"column":4},"end":{"line":23,"column":6}},"6":{"start":{"line":28,"column":1},"end":{"line":39,"column":4}},"7":{"start":{"line":29,"column":2},"end":{"line":38,"column":5}},"8":{"start":{"line":30,"column":27},"end":{"line":30,"column":87}},"9":{"start":{"line":30,"column":33},"end":{"line":30,"column":87}},"10":{"start":{"line":31,"column":3},"end":{"line":36,"column":5}},"11":{"start":{"line":37,"column":3},"end":{"line":37,"column":57}},"12":{"start":{"line":41,"column":1},"end":{"line":52,"column":4}},"13":{"start":{"line":42,"column":2},"end":{"line":51,"column":5}},"14":{"start":{"line":43,"column":27},"end":{"line":44,"column":112}},"15":{"start":{"line":44,"column":4},"end":{"line":44,"column":112}},"16":{"start":{"line":45,"column":3},"end":{"line":50,"column":5}},"17":{"start":{"line":54,"column":1},"end":{"line":69,"column":4}},"18":{"start":{"line":55,"column":2},"end":{"line":68,"column":4}},"19":{"start":{"line":60,"column":28},"end":{"line":60,"column":116}},"20":{"start":{"line":60,"column":34},"end":{"line":60,"column":116}},"21":{"start":{"line":61,"column":4},"end":{"line":66,"column":6}},"22":{"start":{"line":71,"column":1},"end":{"line":100,"column":4}},"23":{"start":{"line":72,"column":21},"end":{"line":75,"column":3}},"24":{"start":{"line":76,"column":18},"end":{"line":76,"column":89}},"25":{"start":{"line":77,"column":2},"end":{"line":77,"column":17}},"26":{"start":{"line":78,"column":26},"end":{"line":78,"column":70}},"27":{"start":{"line":79,"column":19},"end":{"line":79,"column":82}},"28":{"start":{"line":81,"column":2},"end":{"line":85,"column":5}},"29":{"start":{"line":82,"column":3},"end":{"line":84,"column":6}},"30":{"start":{"line":83,"column":4},"end":{"line":83,"column":120}},"31":{"start":{"line":87,"column":2},"end":{"line":92,"column":5}},"32":{"start":{"line":88,"column":3},"end":{"line":91,"column":6}},"33":{"start":{"line":89,"column":27},"end":{"line":89,"column":90}},"34":{"start":{"line":90,"column":4},"end":{"line":90,"column":43}},"35":{"start":{"line":94,"column":2},"end":{"line":99,"column":5}},"36":{"start":{"line":95,"column":3},"end":{"line":98,"column":6}},"37":{"start":{"line":96,"column":23},"end":{"line":96,"column":59}},"38":{"start":{"line":97,"column":4},"end":{"line":97,"column":40}},"39":{"start":{"line":102,"column":1},"end":{"line":120,"column":4}},"40":{"start":{"line":103,"column":18},"end":{"line":103,"column":47}},"41":{"start":{"line":104,"column":2},"end":{"line":104,"column":17}},"42":{"start":{"line":105,"column":26},"end":{"line":108,"column":3}},"43":{"start":{"line":107,"column":45},"end":{"line":107,"column":103}},"44":{"start":{"line":110,"column":2},"end":{"line":113,"column":5}},"45":{"start":{"line":111,"column":27},"end":{"line":111,"column":121}},"46":{"start":{"line":111,"column":33},"end":{"line":111,"column":121}},"47":{"start":{"line":112,"column":3},"end":{"line":112,"column":119}},"48":{"start":{"line":115,"column":2},"end":{"line":119,"column":5}},"49":{"start":{"line":116,"column":27},"end":{"line":117,"column":118}},"50":{"start":{"line":117,"column":4},"end":{"line":117,"column":118}},"51":{"start":{"line":118,"column":3},"end":{"line":118,"column":47}},"52":{"start":{"line":122,"column":1},"end":{"line":128,"column":4}},"53":{"start":{"line":123,"column":2},"end":{"line":127,"column":5}},"54":{"start":{"line":124,"column":19},"end":{"line":124,"column":48}},"55":{"start":{"line":125,"column":31},"end":{"line":125,"column":63}},"56":{"start":{"line":126,"column":3},"end":{"line":126,"column":62}}},"fnMap":{"0":{"name":"(anonymous_0)","decl":{"start":{"line":10,"column":32},"end":{"line":10,"column":33}},"loc":{"start":{"line":10,"column":38},"end":{"line":129,"column":1}},"line":10},"1":{"name":"(anonymous_1)","decl":{"start":{"line":11,"column":39},"end":{"line":11,"column":40}},"loc":{"start":{"line":11,"column":45},"end":{"line":26,"column":2}},"line":11},"2":{"name":"(anonymous_2)","decl":{"start":{"line":16,"column":3},"end":{"line":16,"column":4}},"loc":{"start":{"line":16,"column":9},"end":{"line":24,"column":4}},"line":16},"3":{"name":"(anonymous_3)","decl":{"start":{"line":17,"column":28},"end":{"line":17,"column":29}},"loc":{"start":{"line":17,"column":34},"end":{"line":17,"column":59}},"line":17},"4":{"name":"(anonymous_4)","decl":{"start":{"line":28,"column":46},"end":{"line":28,"column":47}},"loc":{"start":{"line":28,"column":52},"end":{"line":39,"column":2}},"line":28},"5":{"name":"(anonymous_5)","decl":{"start":{"line":29,"column":81},"end":{"line":29,"column":82}},"loc":{"start":{"line":29,"column":87},"end":{"line":38,"column":3}},"line":29},"6":{"name":"(anonymous_6)","decl":{"start":{"line":30,"column":27},"end":{"line":30,"column":28}},"loc":{"start":{"line":30,"column":33},"end":{"line":30,"column":87}},"line":30},"7":{"name":"(anonymous_7)","decl":{"start":{"line":41,"column":78},"end":{"line":41,"column":79}},"loc":{"start":{"line":41,"column":84},"end":{"line":52,"column":2}},"line":41},"8":{"name":"(anonymous_8)","decl":{"start":{"line":42,"column":43},"end":{"line":42,"column":44}},"loc":{"start":{"line":42,"column":49},"end":{"line":51,"column":3}},"line":42},"9":{"name":"(anonymous_9)","decl":{"start":{"line":43,"column":27},"end":{"line":43,"column":28}},"loc":{"start":{"line":44,"column":4},"end":{"line":44,"column":112}},"line":44},"10":{"name":"(anonymous_10)","decl":{"start":{"line":54,"column":74},"end":{"line":54,"column":75}},"loc":{"start":{"line":54,"column":80},"end":{"line":69,"column":2}},"line":54},"11":{"name":"(anonymous_11)","decl":{"start":{"line":59,"column":3},"end":{"line":59,"column":4}},"loc":{"start":{"line":59,"column":9},"end":{"line":67,"column":4}},"line":59},"12":{"name":"(anonymous_12)","decl":{"start":{"line":60,"column":28},"end":{"line":60,"column":29}},"loc":{"start":{"line":60,"column":34},"end":{"line":60,"column":116}},"line":60},"13":{"name":"(anonymous_13)","decl":{"start":{"line":71,"column":47},"end":{"line":71,"column":48}},"loc":{"start":{"line":71,"column":53},"end":{"line":100,"column":2}},"line":71},"14":{"name":"(anonymous_14)","decl":{"start":{"line":81,"column":84},"end":{"line":81,"column":85}},"loc":{"start":{"line":81,"column":90},"end":{"line":85,"column":3}},"line":81},"15":{"name":"(anonymous_15)","decl":{"start":{"line":82,"column":46},"end":{"line":82,"column":47}},"loc":{"start":{"line":82,"column":52},"end":{"line":84,"column":4}},"line":82},"16":{"name":"(anonymous_16)","decl":{"start":{"line":87,"column":99},"end":{"line":87,"column":100}},"loc":{"start":{"line":87,"column":105},"end":{"line":92,"column":3}},"line":87},"17":{"name":"(anonymous_17)","decl":{"start":{"line":88,"column":55},"end":{"line":88,"column":56}},"loc":{"start":{"line":88,"column":61},"end":{"line":91,"column":4}},"line":88},"18":{"name":"(anonymous_18)","decl":{"start":{"line":94,"column":88},"end":{"line":94,"column":89}},"loc":{"start":{"line":94,"column":94},"end":{"line":99,"column":3}},"line":94},"19":{"name":"(anonymous_19)","decl":{"start":{"line":95,"column":33},"end":{"line":95,"column":34}},"loc":{"start":{"line":95,"column":39},"end":{"line":98,"column":4}},"line":95},"20":{"name":"(anonymous_20)","decl":{"start":{"line":102,"column":69},"end":{"line":102,"column":70}},"loc":{"start":{"line":102,"column":75},"end":{"line":120,"column":2}},"line":102},"21":{"name":"(anonymous_21)","decl":{"start":{"line":107,"column":32},"end":{"line":107,"column":33}},"loc":{"start":{"line":107,"column":45},"end":{"line":107,"column":103}},"line":107},"22":{"name":"(anonymous_22)","decl":{"start":{"line":110,"column":107},"end":{"line":110,"column":108}},"loc":{"start":{"line":110,"column":113},"end":{"line":113,"column":3}},"line":110},"23":{"name":"(anonymous_23)","decl":{"start":{"line":111,"column":27},"end":{"line":111,"column":28}},"loc":{"start":{"line":111,"column":33},"end":{"line":111,"column":121}},"line":111},"24":{"name":"(anonymous_24)","decl":{"start":{"line":115,"column":50},"end":{"line":115,"column":51}},"loc":{"start":{"line":115,"column":56},"end":{"line":119,"column":3}},"line":115},"25":{"name":"(anonymous_25)","decl":{"start":{"line":116,"column":27},"end":{"line":116,"column":28}},"loc":{"start":{"line":117,"column":4},"end":{"line":117,"column":118}},"line":117},"26":{"name":"(anonymous_26)","decl":{"start":{"line":122,"column":45},"end":{"line":122,"column":46}},"loc":{"start":{"line":122,"column":51},"end":{"line":128,"column":2}},"line":122},"27":{"name":"(anonymous_27)","decl":{"start":{"line":123,"column":30},"end":{"line":123,"column":31}},"loc":{"start":{"line":123,"column":36},"end":{"line":127,"column":3}},"line":123}},"branchMap":{},"s":{"0":1,"1":1,"2":1,"3":1,"4":1,"5":1,"6":1,"7":1,"8":1,"9":2,"10":1,"11":1,"12":1,"13":1,"14":1,"15":1,"16":1,"17":1,"18":1,"19":1,"20":1,"21":1,"22":1,"23":1,"24":1,"25":1,"26":1,"27":1,"28":1,"29":1,"30":1,"31":1,"32":1,"33":1,"34":1,"35":1,"36":1,"37":1,"38":1,"39":1,"40":1,"41":1,"42":1,"43":6,"44":1,"45":1,"46":1,"47":1,"48":1,"49":1,"50":1,"51":1,"52":1,"53":1,"54":1,"55":1,"56":1},"f":{"0":1,"1":1,"2":1,"3":1,"4":1,"5":1,"6":2,"7":1,"8":1,"9":1,"10":1,"11":1,"12":1,"13":1,"14":1,"15":1,"16":1,"17":1,"18":1,"19":1,"20":1,"21":6,"22":1,"23":1,"24":1,"25":1,"26":1,"27":1},"b":{},"_coverageSchema":"1a1c01bbd47fc00a2c39e90264f33305004495a9","hash":"19b62b4dc9671900ce10c149b9766c947e6eeb25"}}